#
# There is insufficient memory for the Java Runtime Environment to continue.
# Native memory allocation (malloc) failed to allocate 169152 bytes. Error detail: Chunk::new
# Possible reasons:
#   The system is out of physical RAM or swap space
#   This process is running with CompressedOops enabled, and the Java Heap may be blocking the growth of the native heap
# Possible solutions:
#   Reduce memory load on the system
#   Increase physical memory or swap space
#   Check if swap backing store is full
#   Decrease Java heap size (-Xmx/-Xms)
#   Decrease number of Java threads
#   Decrease Java thread stack sizes (-Xss)
#   Set larger code cache with -XX:ReservedCodeCacheSize=
#   JVM is running with Unscaled Compressed Oops mode in which the Java heap is
#     placed in the first 4GB address space. The Java Heap base address is the
#     maximum limit for the native heap growth. Please use -XX:HeapBaseMinAddress
#     to set the Java Heap base and to place the Java Heap above 4GB virtual address.
# This output file may be truncated or incomplete.
#
#  Out of Memory Error (arena.cpp:168), pid=16592, tid=6608
#
# JRE version: OpenJDK Runtime Environment Temurin-21.0.8+9 (21.0.8+9) (build 21.0.8+9-LTS)
# Java VM: OpenJDK 64-Bit Server VM Temurin-21.0.8+9 (21.0.8+9-LTS, mixed mode, sharing, tiered, compressed oops, compressed class ptrs, parallel gc, windows-amd64)
# No core dump will be written. Minidumps are not enabled by default on client versions of Windows
#

---------------  S U M M A R Y ------------

Command Line: --add-modules=ALL-SYSTEM --add-opens=java.base/java.util=ALL-UNNAMED --add-opens=java.base/java.lang=ALL-UNNAMED --add-opens=java.base/sun.nio.fs=ALL-UNNAMED -Declipse.application=org.eclipse.jdt.ls.core.id1 -Dosgi.bundles.defaultStartLevel=4 -Declipse.product=org.eclipse.jdt.ls.core.product -Djava.import.generatesMetadataFilesAtProjectRoot=false -DDetectVMInstallationsJob.disabled=true -Dfile.encoding=utf8 -XX:+UseParallelGC -XX:GCTimeRatio=4 -XX:AdaptiveSizePolicyWeight=90 -Dsun.zip.disableMemoryMapping=true -Xmx2G -Xms100m -Xlog:disable -javaagent:c:\Users\dell\.vscode\extensions\redhat.java-1.45.0-win32-x64\lombok\lombok-1.18.39-4050.jar -XX:+HeapDumpOnOutOfMemoryError -XX:HeapDumpPath=c:\Users\dell\AppData\Roaming\Code\User\workspaceStorage\5e95045cd993ac5bf9ff0eb863561a1c\redhat.java -Daether.dependencyCollector.impl=bf c:\Users\dell\.vscode\extensions\redhat.java-1.45.0-win32-x64\server\plugins\org.eclipse.equinox.launcher_1.7.0.v20250519-0528.jar -configuration c:\Users\dell\AppData\Roaming\Code\User\globalStorage\redhat.java\1.45.0\config_win -data c:\Users\dell\AppData\Roaming\Code\User\workspaceStorage\5e95045cd993ac5bf9ff0eb863561a1c\redhat.java\jdt_ws --pipe=\\.\pipe\lsp-f13d6a8d65a61a085b4b55a297646aab-sock

Host: Intel(R) Core(TM) i5-7300U CPU @ 2.60GHz, 4 cores, 7G,  Windows 10 , 64 bit Build 19041 (10.0.19041.5915)
Time: Thu Sep 11 11:39:29 2025 SE Asia Standard Time elapsed time: 34.135854 seconds (0d 0h 0m 34s)

---------------  T H R E A D  ---------------

Current thread (0x000001e090a1d240):  JavaThread "C2 CompilerThread1" daemon [_thread_in_native, id=6608, stack(0x00000060f5f00000,0x00000060f6000000) (1024K)]


Current CompileTask:
C2:34135 7960       4       java.io.DataOutputStream::writeUTF (389 bytes)

Stack: [0x00000060f5f00000,0x00000060f6000000]
Native frames: (J=compiled Java code, j=interpreted, Vv=VM code, C=native code)
V  [jvm.dll+0x6d2449]
V  [jvm.dll+0x8ae341]
V  [jvm.dll+0x8b08be]
V  [jvm.dll+0x8b0fa3]
V  [jvm.dll+0x280c96]
V  [jvm.dll+0xc581d]
V  [jvm.dll+0xc5d53]
V  [jvm.dll+0x3b919c]
V  [jvm.dll+0x1e1213]
V  [jvm.dll+0x249022]
V  [jvm.dll+0x2484af]
V  [jvm.dll+0x1c89ee]
V  [jvm.dll+0x257d4d]
V  [jvm.dll+0x2562ea]
V  [jvm.dll+0x3f2d16]
V  [jvm.dll+0x857e6b]
V  [jvm.dll+0x6d0b0d]
C  [ucrtbase.dll+0x21bb2]
C  [KERNEL32.DLL+0x17374]
C  [ntdll.dll+0x4cc91]


---------------  P R O C E S S  ---------------

Threads class SMR info:
_java_thread_list=0x000001e08fc89060, length=38, elements={
0x000001e0313d1050, 0x000001e047da7e90, 0x000001e047da9790, 0x000001e047dab310,
0x000001e047dac220, 0x000001e047dad130, 0x000001e047db0ba0, 0x000001e047db19d0,
0x000001e047e25ee0, 0x000001e031497f70, 0x000001e089c542e0, 0x000001e08e3b60d0,
0x000001e08e5999a0, 0x000001e08e5c5340, 0x000001e08e5c5d70, 0x000001e08e799f60,
0x000001e08ec3ba60, 0x000001e08ec40e40, 0x000001e08ec41b60, 0x000001e08ec435a0,
0x000001e08ec42880, 0x000001e08ec414d0, 0x000001e08ec421f0, 0x000001e08ec42f10,
0x000001e08ec40120, 0x000001e08ec407b0, 0x000001e091f12b20, 0x000001e091f13ed0,
0x000001e091f13840, 0x000001e091f14560, 0x000001e091f15280, 0x000001e091f14bf0,
0x000001e091f103c0, 0x000001e091f10a50, 0x000001e091f11e00, 0x000001e091f131b0,
0x000001e091f110e0, 0x000001e090a1d240
}

Java Threads: ( => current thread )
  0x000001e0313d1050 JavaThread "main"                              [_thread_blocked, id=9824, stack(0x00000060f4700000,0x00000060f4800000) (1024K)]
  0x000001e047da7e90 JavaThread "Reference Handler"          daemon [_thread_blocked, id=17080, stack(0x00000060f4c00000,0x00000060f4d00000) (1024K)]
  0x000001e047da9790 JavaThread "Finalizer"                  daemon [_thread_blocked, id=8732, stack(0x00000060f4d00000,0x00000060f4e00000) (1024K)]
  0x000001e047dab310 JavaThread "Signal Dispatcher"          daemon [_thread_blocked, id=6540, stack(0x00000060f4e00000,0x00000060f4f00000) (1024K)]
  0x000001e047dac220 JavaThread "Attach Listener"            daemon [_thread_blocked, id=15264, stack(0x00000060f4f00000,0x00000060f5000000) (1024K)]
  0x000001e047dad130 JavaThread "Service Thread"             daemon [_thread_blocked, id=16056, stack(0x00000060f5000000,0x00000060f5100000) (1024K)]
  0x000001e047db0ba0 JavaThread "Monitor Deflation Thread"   daemon [_thread_blocked, id=13960, stack(0x00000060f5100000,0x00000060f5200000) (1024K)]
  0x000001e047db19d0 JavaThread "C2 CompilerThread0"         daemon [_thread_blocked, id=16528, stack(0x00000060f5200000,0x00000060f5300000) (1024K)]
  0x000001e047e25ee0 JavaThread "C1 CompilerThread0"         daemon [_thread_blocked, id=17120, stack(0x00000060f5300000,0x00000060f5400000) (1024K)]
  0x000001e031497f70 JavaThread "Common-Cleaner"             daemon [_thread_blocked, id=7072, stack(0x00000060f5400000,0x00000060f5500000) (1024K)]
  0x000001e089c542e0 JavaThread "Notification Thread"        daemon [_thread_blocked, id=8708, stack(0x00000060f5500000,0x00000060f5600000) (1024K)]
  0x000001e08e3b60d0 JavaThread "Active Thread: Equinox Container: e75de36c-df84-494b-a254-d8d349608a18"        [_thread_in_native, id=17132, stack(0x00000060f5900000,0x00000060f5a00000) (1024K)]
  0x000001e08e5999a0 JavaThread "Refresh Thread: Equinox Container: e75de36c-df84-494b-a254-d8d349608a18" daemon [_thread_blocked, id=15136, stack(0x00000060f5b00000,0x00000060f5c00000) (1024K)]
  0x000001e08e5c5340 JavaThread "Framework Event Dispatcher: Equinox Container: e75de36c-df84-494b-a254-d8d349608a18" daemon [_thread_blocked, id=13060, stack(0x00000060f5a00000,0x00000060f5b00000) (1024K)]
  0x000001e08e5c5d70 JavaThread "Start Level: Equinox Container: e75de36c-df84-494b-a254-d8d349608a18" daemon [_thread_blocked, id=15468, stack(0x00000060f5c00000,0x00000060f5d00000) (1024K)]
  0x000001e08e799f60 JavaThread "Bundle File Closer"         daemon [_thread_blocked, id=2856, stack(0x00000060f5e00000,0x00000060f5f00000) (1024K)]
  0x000001e08ec3ba60 JavaThread "SCR Component Actor"        daemon [_thread_blocked, id=8516, stack(0x00000060f5d00000,0x00000060f5e00000) (1024K)]
  0x000001e08ec40e40 JavaThread "Worker-JM"                         [_thread_blocked, id=14948, stack(0x00000060f6000000,0x00000060f6100000) (1024K)]
  0x000001e08ec41b60 JavaThread "JNA Cleaner"                daemon [_thread_blocked, id=6624, stack(0x00000060f6100000,0x00000060f6200000) (1024K)]
  0x000001e08ec435a0 JavaThread "Worker-0: Validate documents"        [_thread_blocked, id=13424, stack(0x00000060f6200000,0x00000060f6300000) (1024K)]
  0x000001e08ec42880 JavaThread "Worker-1"                          [_thread_blocked, id=8204, stack(0x00000060f6300000,0x00000060f6400000) (1024K)]
  0x000001e08ec414d0 JavaThread "Worker-2: Initialize workspace"        [_thread_in_vm, id=6612, stack(0x00000060f6500000,0x00000060f6600000) (1024K)]
  0x000001e08ec421f0 JavaThread "Java indexing"              daemon [_thread_blocked, id=11360, stack(0x00000060f6600000,0x00000060f6700000) (1024K)]
  0x000001e08ec42f10 JavaThread "Worker-3: Initialize Workspace"        [_thread_blocked, id=14684, stack(0x00000060f6800000,0x00000060f6900000) (1024K)]
  0x000001e08ec40120 JavaThread "Worker-4"                          [_thread_blocked, id=16336, stack(0x00000060f6900000,0x00000060f6a00000) (1024K)]
  0x000001e08ec407b0 JavaThread "Thread-2"                   daemon [_thread_in_native, id=12920, stack(0x00000060f6a00000,0x00000060f6b00000) (1024K)]
  0x000001e091f12b20 JavaThread "Thread-3"                   daemon [_thread_in_native, id=14816, stack(0x00000060f6b00000,0x00000060f6c00000) (1024K)]
  0x000001e091f13ed0 JavaThread "Thread-4"                   daemon [_thread_in_native, id=17212, stack(0x00000060f6c00000,0x00000060f6d00000) (1024K)]
  0x000001e091f13840 JavaThread "Thread-5"                   daemon [_thread_in_native, id=1544, stack(0x00000060f6d00000,0x00000060f6e00000) (1024K)]
  0x000001e091f14560 JavaThread "Thread-6"                   daemon [_thread_in_native, id=10568, stack(0x00000060f6e00000,0x00000060f6f00000) (1024K)]
  0x000001e091f15280 JavaThread "pool-2-thread-1"                   [_thread_blocked, id=15720, stack(0x00000060f6f00000,0x00000060f7000000) (1024K)]
  0x000001e091f14bf0 JavaThread "WorkspaceEventsHandler"            [_thread_blocked, id=15588, stack(0x00000060f7000000,0x00000060f7100000) (1024K)]
  0x000001e091f103c0 JavaThread "pool-1-thread-1"                   [_thread_blocked, id=15608, stack(0x00000060f7100000,0x00000060f7200000) (1024K)]
  0x000001e091f10a50 JavaThread "ForkJoinPool.commonPool-worker-1" daemon [_thread_blocked, id=5968, stack(0x00000060f7200000,0x00000060f7300000) (1024K)]
  0x000001e091f11e00 JavaThread "ForkJoinPool.commonPool-worker-2" daemon [_thread_blocked, id=16380, stack(0x00000060f7300000,0x00000060f7400000) (1024K)]
  0x000001e091f131b0 JavaThread "ForkJoinPool.commonPool-worker-3" daemon [_thread_blocked, id=15600, stack(0x00000060f7400000,0x00000060f7500000) (1024K)]
  0x000001e091f110e0 JavaThread "SCR Component Registry"     daemon [_thread_blocked, id=3392, stack(0x00000060f7500000,0x00000060f7600000) (1024K)]
=>0x000001e090a1d240 JavaThread "C2 CompilerThread1"         daemon [_thread_in_native, id=6608, stack(0x00000060f5f00000,0x00000060f6000000) (1024K)]
Total: 38

Other Threads:
  0x000001e047d8c200 VMThread "VM Thread"                           [id=5608, stack(0x00000060f4b00000,0x00000060f4c00000) (1024K)]
  0x000001e047d01c40 WatcherThread "VM Periodic Task Thread"        [id=10404, stack(0x00000060f4a00000,0x00000060f4b00000) (1024K)]
  0x000001e02f05f770 WorkerThread "GC Thread#0"                     [id=9404, stack(0x00000060f4900000,0x00000060f4a00000) (1024K)]
  0x000001e08e129730 WorkerThread "GC Thread#1"                     [id=17028, stack(0x00000060f5600000,0x00000060f5700000) (1024K)]
  0x000001e08e129ad0 WorkerThread "GC Thread#2"                     [id=14520, stack(0x00000060f5700000,0x00000060f5800000) (1024K)]
  0x000001e08e129e70 WorkerThread "GC Thread#3"                     [id=9612, stack(0x00000060f5800000,0x00000060f5900000) (1024K)]
Total: 6

Threads with active compile tasks:
C2 CompilerThread1  34172 7960       4       java.io.DataOutputStream::writeUTF (389 bytes)
Total: 1

VM state: not at safepoint (normal execution)

VM Mutex/Monitor currently owned by a thread: None

Heap address: 0x0000000080000000, size: 2048 MB, Compressed Oops mode: 32-bit

CDS archive(s) mapped at: [0x000001e048000000-0x000001e048ba0000-0x000001e048ba0000), size 12189696, SharedBaseAddress: 0x000001e048000000, ArchiveRelocationMode: 1.
Compressed class space mapped at: 0x000001e049000000-0x000001e089000000, reserved size: 1073741824
Narrow klass base: 0x000001e048000000, Narrow klass shift: 0, Narrow klass range: 0x100000000

GC Precious Log:
 CardTable entry size: 512
 CPUs: 4 total, 4 available
 Memory: 8068M
 Large Page Support: Disabled
 NUMA Support: Disabled
 Compressed Oops: Enabled (32-bit)
 Alignments: Space 512K, Generation 512K, Heap 2M
 Heap Min Capacity: 100M
 Heap Initial Capacity: 100M
 Heap Max Capacity: 2G
 Pre-touch: Disabled
 Parallel Workers: 4

Heap:
 PSYoungGen      total 14336K, used 13569K [0x00000000d5580000, 0x00000000d6600000, 0x0000000100000000)
  eden space 13824K, 94% used [0x00000000d5580000,0x00000000d6248320,0x00000000d6300000)
  from space 512K, 93% used [0x00000000d6500000,0x00000000d6578180,0x00000000d6580000)
  to   space 512K, 0% used [0x00000000d6580000,0x00000000d6580000,0x00000000d6600000)
 ParOldGen       total 68608K, used 49021K [0x0000000080000000, 0x0000000084300000, 0x00000000d5580000)
  object space 68608K, 71% used [0x0000000080000000,0x0000000082fdf628,0x0000000084300000)
 Metaspace       used 54770K, committed 56128K, reserved 1114112K
  class space    used 5926K, committed 6528K, reserved 1048576K

Card table byte_map: [0x000001e030d80000,0x000001e031190000] _byte_map_base: 0x000001e030980000

Marking Bits: (ParMarkBitMap*) 0x00007ff803caa340
 Begin Bits: [0x000001e043880000, 0x000001e045880000)
 End Bits:   [0x000001e045880000, 0x000001e047880000)

Polling page: 0x000001e02f3a0000

Metaspace:

Usage:
  Non-class:     47.70 MB used.
      Class:      5.79 MB used.
       Both:     53.49 MB used.

Virtual space:
  Non-class space:       64.00 MB reserved,      48.44 MB ( 76%) committed,  1 nodes.
      Class space:        1.00 GB reserved,       6.38 MB ( <1%) committed,  1 nodes.
             Both:        1.06 GB reserved,      54.81 MB (  5%) committed. 

Chunk freelists:
   Non-Class:  14.91 MB
       Class:  9.44 MB
        Both:  24.34 MB

MaxMetaspaceSize: unlimited
CompressedClassSpaceSize: 1.00 GB
Initial GC threshold: 21.00 MB
Current GC threshold: 58.38 MB
CDS: on
 - commit_granule_bytes: 65536.
 - commit_granule_words: 8192.
 - virtual_space_node_default_size: 8388608.
 - enlarge_chunks_in_place: 1.
 - use_allocation_guard: 0.


Internal statistics:

num_allocs_failed_limit: 6.
num_arena_births: 1054.
num_arena_deaths: 14.
num_vsnodes_births: 2.
num_vsnodes_deaths: 0.
num_space_committed: 877.
num_space_uncommitted: 0.
num_chunks_returned_to_freelist: 20.
num_chunks_taken_from_freelist: 3584.
num_chunk_merges: 4.
num_chunk_splits: 2220.
num_chunks_enlarged: 1250.
num_inconsistent_stats: 0.

CodeHeap 'non-profiled nmethods': size=120000Kb used=4656Kb max_used=4656Kb free=115343Kb
 bounds [0x000001e03c0a0000, 0x000001e03c530000, 0x000001e0435d0000]
CodeHeap 'profiled nmethods': size=120000Kb used=16230Kb max_used=16230Kb free=103769Kb
 bounds [0x000001e0345d0000, 0x000001e0355b0000, 0x000001e03bb00000]
CodeHeap 'non-nmethods': size=5760Kb used=1395Kb max_used=1475Kb free=4365Kb
 bounds [0x000001e03bb00000, 0x000001e03bd70000, 0x000001e03c0a0000]
CodeCache: size=245760Kb, used=22281Kb, max_used=22361Kb, free=223477Kb
 total_blobs=8047, nmethods=7343, adapters=610, full_count=0
Compilation: enabled, stopped_count=0, restarted_count=0

Compilation events (20 events):
Event: 34.106 Thread 0x000001e047e25ee0 7952       1       java.lang.Enum::toString (5 bytes)
Event: 34.106 Thread 0x000001e047e25ee0 nmethod 7952 0x000001e03c526b90 code [0x000001e03c526d20, 0x000001e03c526de8]
Event: 34.106 Thread 0x000001e047e25ee0 7953       3       java.util.RegularEnumSet$EnumSetIterator::hasNext (15 bytes)
Event: 34.106 Thread 0x000001e047e25ee0 nmethod 7953 0x000001e0355a2b90 code [0x000001e0355a2d20, 0x000001e0355a2e88]
Event: 34.106 Thread 0x000001e047e25ee0 7954       3       java.lang.Integer::numberOfTrailingZeros (80 bytes)
Event: 34.106 Thread 0x000001e047e25ee0 nmethod 7954 0x000001e0355a2f10 code [0x000001e0355a30c0, 0x000001e0355a32f8]
Event: 34.107 Thread 0x000001e047e25ee0 7955       3       java.io.DataOutputStream::writeInt (28 bytes)
Event: 34.107 Thread 0x000001e047e25ee0 nmethod 7955 0x000001e0355a3390 code [0x000001e0355a35c0, 0x000001e0355a3d28]
Event: 34.107 Thread 0x000001e047e25ee0 7956       3       jdk.internal.util.ByteArray::setInt (10 bytes)
Event: 34.108 Thread 0x000001e047e25ee0 nmethod 7956 0x000001e0355a4090 code [0x000001e0355a4280, 0x000001e0355a47c8]
Event: 34.108 Thread 0x000001e047e25ee0 7957       3       java.io.DataOutputStream::writeByte (14 bytes)
Event: 34.108 Thread 0x000001e047e25ee0 nmethod 7957 0x000001e0355a4a10 code [0x000001e0355a4bc0, 0x000001e0355a4e40]
Event: 34.108 Thread 0x000001e047e25ee0 7959       3       org.eclipse.osgi.container.ModuleDatabase$Persistence::addToWriteTable (77 bytes)
Event: 34.109 Thread 0x000001e047e25ee0 nmethod 7959 0x000001e0355a4f90 code [0x000001e0355a5260, 0x000001e0355a6130]
Event: 34.109 Thread 0x000001e047e25ee0 7958       3       org.eclipse.osgi.container.ModuleDatabase$Persistence::writeString (99 bytes)
Event: 34.109 Thread 0x000001e047db19d0 nmethod 7918% 0x000001e03c526e90 code [0x000001e03c5270a0, 0x000001e03c527950]
Event: 34.109 Thread 0x000001e047db19d0 7923   !   4       org.eclipse.osgi.internal.hooks.EclipseLazyStarter::postFindLocalClass (394 bytes)
Event: 34.110 Thread 0x000001e090a1d240 nmethod 7950 0x000001e03c527e90 code [0x000001e03c528060, 0x000001e03c5284a8]
Event: 34.110 Thread 0x000001e090a1d240 7960       4       java.io.DataOutputStream::writeUTF (389 bytes)
Event: 34.111 Thread 0x000001e047e25ee0 nmethod 7958 0x000001e0355a6610 code [0x000001e0355a6a40, 0x000001e0355a8980]

GC Heap History (20 events):
Event: 30.613 GC heap before
{Heap before GC invocations=26 (full 2):
 PSYoungGen      total 17408K, used 15697K [0x00000000d5580000, 0x00000000d6a80000, 0x0000000100000000)
  eden space 13824K, 100% used [0x00000000d5580000,0x00000000d6300000,0x00000000d6300000)
  from space 3584K, 52% used [0x00000000d6380000,0x00000000d6554470,0x00000000d6700000)
  to   space 2560K, 0% used [0x00000000d6800000,0x00000000d6800000,0x00000000d6a80000)
 ParOldGen       total 68608K, used 36656K [0x0000000080000000, 0x0000000084300000, 0x00000000d5580000)
  object space 68608K, 53% used [0x0000000080000000,0x00000000823cc260,0x0000000084300000)
 Metaspace       used 48899K, committed 50240K, reserved 1114112K
  class space    used 5327K, committed 5952K, reserved 1048576K
}
Event: 30.620 GC heap after
{Heap after GC invocations=26 (full 2):
 PSYoungGen      total 15872K, used 1858K [0x00000000d5580000, 0x00000000d6a00000, 0x0000000100000000)
  eden space 13824K, 0% used [0x00000000d5580000,0x00000000d5580000,0x00000000d6300000)
  from space 2048K, 90% used [0x00000000d6800000,0x00000000d69d0810,0x00000000d6a00000)
  to   space 2048K, 0% used [0x00000000d6600000,0x00000000d6600000,0x00000000d6800000)
 ParOldGen       total 68608K, used 38403K [0x0000000080000000, 0x0000000084300000, 0x00000000d5580000)
  object space 68608K, 55% used [0x0000000080000000,0x0000000082580fb8,0x0000000084300000)
 Metaspace       used 48899K, committed 50240K, reserved 1114112K
  class space    used 5327K, committed 5952K, reserved 1048576K
}
Event: 30.752 GC heap before
{Heap before GC invocations=27 (full 2):
 PSYoungGen      total 15872K, used 15682K [0x00000000d5580000, 0x00000000d6a00000, 0x0000000100000000)
  eden space 13824K, 100% used [0x00000000d5580000,0x00000000d6300000,0x00000000d6300000)
  from space 2048K, 90% used [0x00000000d6800000,0x00000000d69d0810,0x00000000d6a00000)
  to   space 2048K, 0% used [0x00000000d6600000,0x00000000d6600000,0x00000000d6800000)
 ParOldGen       total 68608K, used 38403K [0x0000000080000000, 0x0000000084300000, 0x00000000d5580000)
  object space 68608K, 55% used [0x0000000080000000,0x0000000082580fb8,0x0000000084300000)
 Metaspace       used 48917K, committed 50304K, reserved 1114112K
  class space    used 5327K, committed 5952K, reserved 1048576K
}
Event: 30.757 GC heap after
{Heap after GC invocations=27 (full 2):
 PSYoungGen      total 15872K, used 1604K [0x00000000d5580000, 0x00000000d6880000, 0x0000000100000000)
  eden space 13824K, 0% used [0x00000000d5580000,0x00000000d5580000,0x00000000d6300000)
  from space 2048K, 78% used [0x00000000d6600000,0x00000000d6791000,0x00000000d6800000)
  to   space 512K, 0% used [0x00000000d6800000,0x00000000d6800000,0x00000000d6880000)
 ParOldGen       total 68608K, used 40128K [0x0000000080000000, 0x0000000084300000, 0x00000000d5580000)
  object space 68608K, 58% used [0x0000000080000000,0x0000000082730328,0x0000000084300000)
 Metaspace       used 48917K, committed 50304K, reserved 1114112K
  class space    used 5327K, committed 5952K, reserved 1048576K
}
Event: 30.801 GC heap before
{Heap before GC invocations=28 (full 2):
 PSYoungGen      total 15872K, used 15428K [0x00000000d5580000, 0x00000000d6880000, 0x0000000100000000)
  eden space 13824K, 100% used [0x00000000d5580000,0x00000000d6300000,0x00000000d6300000)
  from space 2048K, 78% used [0x00000000d6600000,0x00000000d6791000,0x00000000d6800000)
  to   space 512K, 0% used [0x00000000d6800000,0x00000000d6800000,0x00000000d6880000)
 ParOldGen       total 68608K, used 40128K [0x0000000080000000, 0x0000000084300000, 0x00000000d5580000)
  object space 68608K, 58% used [0x0000000080000000,0x0000000082730328,0x0000000084300000)
 Metaspace       used 48928K, committed 50304K, reserved 1114112K
  class space    used 5328K, committed 5952K, reserved 1048576K
}
Event: 30.806 GC heap after
{Heap after GC invocations=28 (full 2):
 PSYoungGen      total 14336K, used 512K [0x00000000d5580000, 0x00000000d6900000, 0x0000000100000000)
  eden space 13824K, 0% used [0x00000000d5580000,0x00000000d5580000,0x00000000d6300000)
  from space 512K, 100% used [0x00000000d6800000,0x00000000d6880000,0x00000000d6880000)
  to   space 3072K, 0% used [0x00000000d6300000,0x00000000d6300000,0x00000000d6600000)
 ParOldGen       total 68608K, used 42462K [0x0000000080000000, 0x0000000084300000, 0x00000000d5580000)
  object space 68608K, 61% used [0x0000000080000000,0x0000000082977950,0x0000000084300000)
 Metaspace       used 48928K, committed 50304K, reserved 1114112K
  class space    used 5328K, committed 5952K, reserved 1048576K
}
Event: 30.923 GC heap before
{Heap before GC invocations=29 (full 2):
 PSYoungGen      total 14336K, used 14336K [0x00000000d5580000, 0x00000000d6900000, 0x0000000100000000)
  eden space 13824K, 100% used [0x00000000d5580000,0x00000000d6300000,0x00000000d6300000)
  from space 512K, 100% used [0x00000000d6800000,0x00000000d6880000,0x00000000d6880000)
  to   space 3072K, 0% used [0x00000000d6300000,0x00000000d6300000,0x00000000d6600000)
 ParOldGen       total 68608K, used 42462K [0x0000000080000000, 0x0000000084300000, 0x00000000d5580000)
  object space 68608K, 61% used [0x0000000080000000,0x0000000082977950,0x0000000084300000)
 Metaspace       used 48958K, committed 50368K, reserved 1114112K
  class space    used 5328K, committed 5952K, reserved 1048576K
}
Event: 30.926 GC heap after
{Heap after GC invocations=29 (full 2):
 PSYoungGen      total 16896K, used 1472K [0x00000000d5580000, 0x00000000d6880000, 0x0000000100000000)
  eden space 13824K, 0% used [0x00000000d5580000,0x00000000d5580000,0x00000000d6300000)
  from space 3072K, 47% used [0x00000000d6300000,0x00000000d6470000,0x00000000d6600000)
  to   space 2048K, 0% used [0x00000000d6680000,0x00000000d6680000,0x00000000d6880000)
 ParOldGen       total 68608K, used 42990K [0x0000000080000000, 0x0000000084300000, 0x00000000d5580000)
  object space 68608K, 62% used [0x0000000080000000,0x00000000829fb950,0x0000000084300000)
 Metaspace       used 48958K, committed 50368K, reserved 1114112K
  class space    used 5328K, committed 5952K, reserved 1048576K
}
Event: 31.008 GC heap before
{Heap before GC invocations=30 (full 2):
 PSYoungGen      total 16896K, used 15296K [0x00000000d5580000, 0x00000000d6880000, 0x0000000100000000)
  eden space 13824K, 100% used [0x00000000d5580000,0x00000000d6300000,0x00000000d6300000)
  from space 3072K, 47% used [0x00000000d6300000,0x00000000d6470000,0x00000000d6600000)
  to   space 2048K, 0% used [0x00000000d6680000,0x00000000d6680000,0x00000000d6880000)
 ParOldGen       total 68608K, used 42990K [0x0000000080000000, 0x0000000084300000, 0x00000000d5580000)
  object space 68608K, 62% used [0x0000000080000000,0x00000000829fb950,0x0000000084300000)
 Metaspace       used 49006K, committed 50368K, reserved 1114112K
  class space    used 5328K, committed 5952K, reserved 1048576K
}
Event: 31.013 GC heap after
{Heap after GC invocations=30 (full 2):
 PSYoungGen      total 15872K, used 1664K [0x00000000d5580000, 0x00000000d6880000, 0x0000000100000000)
  eden space 13824K, 0% used [0x00000000d5580000,0x00000000d5580000,0x00000000d6300000)
  from space 2048K, 81% used [0x00000000d6680000,0x00000000d6820010,0x00000000d6880000)
  to   space 2048K, 0% used [0x00000000d6480000,0x00000000d6480000,0x00000000d6680000)
 ParOldGen       total 68608K, used 44414K [0x0000000080000000, 0x0000000084300000, 0x00000000d5580000)
  object space 68608K, 64% used [0x0000000080000000,0x0000000082b5f950,0x0000000084300000)
 Metaspace       used 49006K, committed 50368K, reserved 1114112K
  class space    used 5328K, committed 5952K, reserved 1048576K
}
Event: 31.118 GC heap before
{Heap before GC invocations=31 (full 2):
 PSYoungGen      total 15872K, used 15488K [0x00000000d5580000, 0x00000000d6880000, 0x0000000100000000)
  eden space 13824K, 100% used [0x00000000d5580000,0x00000000d6300000,0x00000000d6300000)
  from space 2048K, 81% used [0x00000000d6680000,0x00000000d6820010,0x00000000d6880000)
  to   space 2048K, 0% used [0x00000000d6480000,0x00000000d6480000,0x00000000d6680000)
 ParOldGen       total 68608K, used 44414K [0x0000000080000000, 0x0000000084300000, 0x00000000d5580000)
  object space 68608K, 64% used [0x0000000080000000,0x0000000082b5f950,0x0000000084300000)
 Metaspace       used 49091K, committed 50432K, reserved 1114112K
  class space    used 5330K, committed 5952K, reserved 1048576K
}
Event: 31.121 GC heap after
{Heap after GC invocations=31 (full 2):
 PSYoungGen      total 15360K, used 1368K [0x00000000d5580000, 0x00000000d6700000, 0x0000000100000000)
  eden space 13824K, 0% used [0x00000000d5580000,0x00000000d5580000,0x00000000d6300000)
  from space 1536K, 89% used [0x00000000d6480000,0x00000000d65d6200,0x00000000d6600000)
  to   space 1024K, 0% used [0x00000000d6600000,0x00000000d6600000,0x00000000d6700000)
 ParOldGen       total 68608K, used 46046K [0x0000000080000000, 0x0000000084300000, 0x00000000d5580000)
  object space 68608K, 67% used [0x0000000080000000,0x0000000082cf7960,0x0000000084300000)
 Metaspace       used 49091K, committed 50432K, reserved 1114112K
  class space    used 5330K, committed 5952K, reserved 1048576K
}
Event: 31.403 GC heap before
{Heap before GC invocations=32 (full 2):
 PSYoungGen      total 15360K, used 15192K [0x00000000d5580000, 0x00000000d6700000, 0x0000000100000000)
  eden space 13824K, 100% used [0x00000000d5580000,0x00000000d6300000,0x00000000d6300000)
  from space 1536K, 89% used [0x00000000d6480000,0x00000000d65d6200,0x00000000d6600000)
  to   space 1024K, 0% used [0x00000000d6600000,0x00000000d6600000,0x00000000d6700000)
 ParOldGen       total 68608K, used 46046K [0x0000000080000000, 0x0000000084300000, 0x00000000d5580000)
  object space 68608K, 67% used [0x0000000080000000,0x0000000082cf7960,0x0000000084300000)
 Metaspace       used 50018K, committed 51392K, reserved 1114112K
  class space    used 5463K, committed 6080K, reserved 1048576K
}
Event: 31.405 GC heap after
{Heap after GC invocations=32 (full 2):
 PSYoungGen      total 14848K, used 792K [0x00000000d5580000, 0x00000000d6700000, 0x0000000100000000)
  eden space 13824K, 0% used [0x00000000d5580000,0x00000000d5580000,0x00000000d6300000)
  from space 1024K, 77% used [0x00000000d6600000,0x00000000d66c61a8,0x00000000d6700000)
  to   space 1536K, 0% used [0x00000000d6400000,0x00000000d6400000,0x00000000d6580000)
 ParOldGen       total 68608K, used 47331K [0x0000000080000000, 0x0000000084300000, 0x00000000d5580000)
  object space 68608K, 68% used [0x0000000080000000,0x0000000082e38eb8,0x0000000084300000)
 Metaspace       used 50018K, committed 51392K, reserved 1114112K
  class space    used 5463K, committed 6080K, reserved 1048576K
}
Event: 31.996 GC heap before
{Heap before GC invocations=33 (full 2):
 PSYoungGen      total 14848K, used 14571K [0x00000000d5580000, 0x00000000d6700000, 0x0000000100000000)
  eden space 13824K, 99% used [0x00000000d5580000,0x00000000d62f4cb0,0x00000000d6300000)
  from space 1024K, 77% used [0x00000000d6600000,0x00000000d66c61a8,0x00000000d6700000)
  to   space 1536K, 0% used [0x00000000d6400000,0x00000000d6400000,0x00000000d6580000)
 ParOldGen       total 68608K, used 47331K [0x0000000080000000, 0x0000000084300000, 0x00000000d5580000)
  object space 68608K, 68% used [0x0000000080000000,0x0000000082e38eb8,0x0000000084300000)
 Metaspace       used 51516K, committed 52864K, reserved 1114112K
  class space    used 5613K, committed 6208K, reserved 1048576K
}
Event: 31.998 GC heap after
{Heap after GC invocations=33 (full 2):
 PSYoungGen      total 15360K, used 500K [0x00000000d5580000, 0x00000000d6680000, 0x0000000100000000)
  eden space 13824K, 0% used [0x00000000d5580000,0x00000000d5580000,0x00000000d6300000)
  from space 1536K, 32% used [0x00000000d6400000,0x00000000d647d3c8,0x00000000d6580000)
  to   space 1024K, 0% used [0x00000000d6580000,0x00000000d6580000,0x00000000d6680000)
 ParOldGen       total 68608K, used 48032K [0x0000000080000000, 0x0000000084300000, 0x00000000d5580000)
  object space 68608K, 70% used [0x0000000080000000,0x0000000082ee8248,0x0000000084300000)
 Metaspace       used 51516K, committed 52864K, reserved 1114112K
  class space    used 5613K, committed 6208K, reserved 1048576K
}
Event: 32.626 GC heap before
{Heap before GC invocations=34 (full 2):
 PSYoungGen      total 15360K, used 14324K [0x00000000d5580000, 0x00000000d6680000, 0x0000000100000000)
  eden space 13824K, 100% used [0x00000000d5580000,0x00000000d6300000,0x00000000d6300000)
  from space 1536K, 32% used [0x00000000d6400000,0x00000000d647d3c8,0x00000000d6580000)
  to   space 1024K, 0% used [0x00000000d6580000,0x00000000d6580000,0x00000000d6680000)
 ParOldGen       total 68608K, used 48032K [0x0000000080000000, 0x0000000084300000, 0x00000000d5580000)
  object space 68608K, 70% used [0x0000000080000000,0x0000000082ee8248,0x0000000084300000)
 Metaspace       used 52161K, committed 53568K, reserved 1114112K
  class space    used 5688K, committed 6336K, reserved 1048576K
}
Event: 32.627 GC heap after
{Heap after GC invocations=34 (full 2):
 PSYoungGen      total 14336K, used 320K [0x00000000d5580000, 0x00000000d6600000, 0x0000000100000000)
  eden space 13824K, 0% used [0x00000000d5580000,0x00000000d5580000,0x00000000d6300000)
  from space 512K, 62% used [0x00000000d6580000,0x00000000d65d0010,0x00000000d6600000)
  to   space 512K, 0% used [0x00000000d6500000,0x00000000d6500000,0x00000000d6580000)
 ParOldGen       total 68608K, used 48453K [0x0000000080000000, 0x0000000084300000, 0x00000000d5580000)
  object space 68608K, 70% used [0x0000000080000000,0x0000000082f514a8,0x0000000084300000)
 Metaspace       used 52161K, committed 53568K, reserved 1114112K
  class space    used 5688K, committed 6336K, reserved 1048576K
}
Event: 33.044 GC heap before
{Heap before GC invocations=35 (full 2):
 PSYoungGen      total 14336K, used 14058K [0x00000000d5580000, 0x00000000d6600000, 0x0000000100000000)
  eden space 13824K, 99% used [0x00000000d5580000,0x00000000d62eab00,0x00000000d6300000)
  from space 512K, 62% used [0x00000000d6580000,0x00000000d65d0010,0x00000000d6600000)
  to   space 512K, 0% used [0x00000000d6500000,0x00000000d6500000,0x00000000d6580000)
 ParOldGen       total 68608K, used 48453K [0x0000000080000000, 0x0000000084300000, 0x00000000d5580000)
  object space 68608K, 70% used [0x0000000080000000,0x0000000082f514a8,0x0000000084300000)
 Metaspace       used 53371K, committed 54720K, reserved 1114112K
  class space    used 5798K, committed 6400K, reserved 1048576K
}
Event: 33.046 GC heap after
{Heap after GC invocations=35 (full 2):
 PSYoungGen      total 14336K, used 480K [0x00000000d5580000, 0x00000000d6600000, 0x0000000100000000)
  eden space 13824K, 0% used [0x00000000d5580000,0x00000000d5580000,0x00000000d6300000)
  from space 512K, 93% used [0x00000000d6500000,0x00000000d6578180,0x00000000d6580000)
  to   space 512K, 0% used [0x00000000d6580000,0x00000000d6580000,0x00000000d6600000)
 ParOldGen       total 68608K, used 49021K [0x0000000080000000, 0x0000000084300000, 0x00000000d5580000)
  object space 68608K, 71% used [0x0000000080000000,0x0000000082fdf628,0x0000000084300000)
 Metaspace       used 53371K, committed 54720K, reserved 1114112K
  class space    used 5798K, committed 6400K, reserved 1048576K
}

Dll operation events (10 events):
Event: 0.021 Loaded shared library c:\Users\dell\.vscode\extensions\redhat.java-1.45.0-win32-x64\jre\21.0.8-win32-x86_64\bin\java.dll
Event: 0.214 Loaded shared library c:\Users\dell\.vscode\extensions\redhat.java-1.45.0-win32-x64\jre\21.0.8-win32-x86_64\bin\zip.dll
Event: 0.270 Loaded shared library C:\Users\dell\.vscode\extensions\redhat.java-1.45.0-win32-x64\jre\21.0.8-win32-x86_64\bin\instrument.dll
Event: 0.277 Loaded shared library C:\Users\dell\.vscode\extensions\redhat.java-1.45.0-win32-x64\jre\21.0.8-win32-x86_64\bin\net.dll
Event: 0.292 Loaded shared library C:\Users\dell\.vscode\extensions\redhat.java-1.45.0-win32-x64\jre\21.0.8-win32-x86_64\bin\nio.dll
Event: 0.303 Loaded shared library C:\Users\dell\.vscode\extensions\redhat.java-1.45.0-win32-x64\jre\21.0.8-win32-x86_64\bin\zip.dll
Event: 0.330 Loaded shared library C:\Users\dell\.vscode\extensions\redhat.java-1.45.0-win32-x64\jre\21.0.8-win32-x86_64\bin\jimage.dll
Event: 0.512 Loaded shared library c:\Users\dell\.vscode\extensions\redhat.java-1.45.0-win32-x64\jre\21.0.8-win32-x86_64\bin\verify.dll
Event: 4.512 Loaded shared library C:\Users\dell\AppData\Roaming\Code\User\globalStorage\redhat.java\1.45.0\config_win\org.eclipse.equinox.launcher\org.eclipse.equinox.launcher.win32.win32.x86_64_1.2.1400.v20250801-0854\eclipse_11916.dll
Event: 10.762 Loaded shared library C:\Users\dell\AppData\Local\Temp\jna-3079617\jna5181312477392964842.dll

Deoptimization events (20 events):
Event: 34.097 Thread 0x000001e08e3b60d0 Uncommon trap: trap_request=0xffffffde fr.pc=0x000001e03c449edc relative=0x000000000000019c
Event: 34.097 Thread 0x000001e08e3b60d0 Uncommon trap: reason=class_check action=maybe_recompile pc=0x000001e03c449edc method=java.util.ArrayList.hashCodeRange(II)I @ 53 c2
Event: 34.097 Thread 0x000001e08e3b60d0 DEOPT PACKING pc=0x000001e03c449edc sp=0x00000060f59fee30
Event: 34.097 Thread 0x000001e08e3b60d0 DEOPT UNPACKING pc=0x000001e03bb53aa2 sp=0x00000060f59fedb8 mode 2
Event: 34.110 Thread 0x000001e08e3b60d0 DEOPT PACKING pc=0x000001e034e07550 sp=0x00000060f59ff070
Event: 34.110 Thread 0x000001e08e3b60d0 DEOPT UNPACKING pc=0x000001e03bb54242 sp=0x00000060f59fe5c8 mode 0
Event: 34.110 Thread 0x000001e08e3b60d0 DEOPT PACKING pc=0x000001e034e07550 sp=0x00000060f59ff070
Event: 34.110 Thread 0x000001e08e3b60d0 DEOPT UNPACKING pc=0x000001e03bb54242 sp=0x00000060f59fe5c8 mode 0
Event: 34.111 Thread 0x000001e08e3b60d0 DEOPT PACKING pc=0x000001e034e07550 sp=0x00000060f59ff070
Event: 34.111 Thread 0x000001e08e3b60d0 DEOPT UNPACKING pc=0x000001e03bb54242 sp=0x00000060f59fe5c8 mode 0
Event: 34.112 Thread 0x000001e08e3b60d0 DEOPT PACKING pc=0x000001e034e07550 sp=0x00000060f59fefd0
Event: 34.112 Thread 0x000001e08e3b60d0 DEOPT UNPACKING pc=0x000001e03bb54242 sp=0x00000060f59fe528 mode 0
Event: 34.113 Thread 0x000001e08e3b60d0 DEOPT PACKING pc=0x000001e034e07550 sp=0x00000060f59fefd0
Event: 34.113 Thread 0x000001e08e3b60d0 DEOPT UNPACKING pc=0x000001e03bb54242 sp=0x00000060f59fe528 mode 0
Event: 34.114 Thread 0x000001e08e3b60d0 DEOPT PACKING pc=0x000001e034e07550 sp=0x00000060f59fefd0
Event: 34.114 Thread 0x000001e08e3b60d0 DEOPT UNPACKING pc=0x000001e03bb54242 sp=0x00000060f59fe528 mode 0
Event: 34.115 Thread 0x000001e08e3b60d0 DEOPT PACKING pc=0x000001e034e07550 sp=0x00000060f59fefd0
Event: 34.115 Thread 0x000001e08e3b60d0 DEOPT UNPACKING pc=0x000001e03bb54242 sp=0x00000060f59fe528 mode 0
Event: 34.115 Thread 0x000001e08e3b60d0 DEOPT PACKING pc=0x000001e034e07550 sp=0x00000060f59fefd0
Event: 34.115 Thread 0x000001e08e3b60d0 DEOPT UNPACKING pc=0x000001e03bb54242 sp=0x00000060f59fe528 mode 0

Classes loaded (20 events):
Event: 29.325 Loading class jdk/internal/jimage/ImageReader$Directory
Event: 29.326 Loading class jdk/internal/jimage/ImageReader$Directory done
Event: 30.300 Loading class java/util/AbstractList$ListItr
Event: 30.300 Loading class java/util/AbstractList$ListItr done
Event: 30.313 Loading class java/nio/channels/Channels$ReadableByteChannelImpl
Event: 30.313 Loading class java/nio/channels/Channels$ReadableByteChannelImpl done
Event: 30.314 Loading class java/nio/channels/NonWritableChannelException
Event: 30.314 Loading class java/nio/channels/NonWritableChannelException done
Event: 30.792 Loading class java/lang/invoke/MethodHandleImpl$CountingWrapper$1
Event: 30.792 Loading class java/lang/invoke/MethodHandleImpl$CountingWrapper$1 done
Event: 32.219 Loading class java/util/Vector$1
Event: 32.219 Loading class java/util/Vector$1 done
Event: 32.894 Loading class java/util/regex/Pattern$Caret
Event: 32.894 Loading class java/util/regex/Pattern$Caret done
Event: 33.046 Loading class java/util/Hashtable$ValueCollection
Event: 33.046 Loading class java/util/Hashtable$ValueCollection done
Event: 33.291 Loading class java/util/WeakHashMap$KeyIterator
Event: 33.291 Loading class java/util/WeakHashMap$KeyIterator done
Event: 33.676 Loading class java/util/Hashtable$KeySet
Event: 33.676 Loading class java/util/Hashtable$KeySet done

Classes unloaded (7 events):
Event: 13.606 Thread 0x000001e047d8c200 Unloading class 0x000001e0491a8800 'java/lang/invoke/LambdaForm$MH+0x000001e0491a8800'
Event: 13.606 Thread 0x000001e047d8c200 Unloading class 0x000001e0491a8400 'java/lang/invoke/LambdaForm$MH+0x000001e0491a8400'
Event: 13.606 Thread 0x000001e047d8c200 Unloading class 0x000001e0491a8000 'java/lang/invoke/LambdaForm$MH+0x000001e0491a8000'
Event: 13.606 Thread 0x000001e047d8c200 Unloading class 0x000001e0491a7c00 'java/lang/invoke/LambdaForm$MH+0x000001e0491a7c00'
Event: 13.606 Thread 0x000001e047d8c200 Unloading class 0x000001e0491a7800 'java/lang/invoke/LambdaForm$BMH+0x000001e0491a7800'
Event: 13.606 Thread 0x000001e047d8c200 Unloading class 0x000001e0491a7400 'java/lang/invoke/LambdaForm$DMH+0x000001e0491a7400'
Event: 13.606 Thread 0x000001e047d8c200 Unloading class 0x000001e0491a6000 'java/lang/invoke/LambdaForm$DMH+0x000001e0491a6000'

Classes redefined (0 events):
No events

Internal exceptions (20 events):
Event: 33.442 Thread 0x000001e091f103c0 Implicit null exception at 0x000001e03c4df200 to 0x000001e03c4df638
Event: 33.442 Thread 0x000001e091f103c0 Exception <a 'sun/nio/fs/WindowsException'{0x00000000d5b7b208}> (0x00000000d5b7b208) 
thrown [s\src\hotspot\share\prims\jni.cpp, line 520]
Event: 33.443 Thread 0x000001e091f103c0 Exception <a 'sun/nio/fs/WindowsException'{0x00000000d5b7b838}> (0x00000000d5b7b838) 
thrown [s\src\hotspot\share\prims\jni.cpp, line 520]
Event: 33.444 Thread 0x000001e091f103c0 Exception <a 'sun/nio/fs/WindowsException'{0x00000000d5b7e960}> (0x00000000d5b7e960) 
thrown [s\src\hotspot\share\prims\jni.cpp, line 520]
Event: 33.444 Thread 0x000001e091f103c0 Exception <a 'sun/nio/fs/WindowsException'{0x00000000d5b7ef90}> (0x00000000d5b7ef90) 
thrown [s\src\hotspot\share\prims\jni.cpp, line 520]
Event: 33.445 Thread 0x000001e091f103c0 Exception <a 'sun/nio/fs/WindowsException'{0x00000000d5b7fee8}> (0x00000000d5b7fee8) 
thrown [s\src\hotspot\share\prims\jni.cpp, line 520]
Event: 33.445 Thread 0x000001e091f103c0 Exception <a 'sun/nio/fs/WindowsException'{0x00000000d5b80728}> (0x00000000d5b80728) 
thrown [s\src\hotspot\share\prims\jni.cpp, line 520]
Event: 33.445 Thread 0x000001e091f103c0 Exception <a 'sun/nio/fs/WindowsException'{0x00000000d5b81168}> (0x00000000d5b81168) 
thrown [s\src\hotspot\share\prims\jni.cpp, line 520]
Event: 33.445 Thread 0x000001e091f103c0 Exception <a 'sun/nio/fs/WindowsException'{0x00000000d5b816a0}> (0x00000000d5b816a0) 
thrown [s\src\hotspot\share\prims\jni.cpp, line 520]
Event: 33.677 Thread 0x000001e08ec414d0 Exception <a 'java/io/FileNotFoundException'{0x00000000d5ce9210}> (0x00000000d5ce9210) 
thrown [s\src\hotspot\share\prims\jni.cpp, line 520]
Event: 33.677 Thread 0x000001e08ec414d0 Exception <a 'java/io/FileNotFoundException'{0x00000000d5cea6f8}> (0x00000000d5cea6f8) 
thrown [s\src\hotspot\share\prims\jni.cpp, line 520]
Event: 33.678 Thread 0x000001e08ec414d0 Exception <a 'java/io/FileNotFoundException'{0x00000000d5ceb700}> (0x00000000d5ceb700) 
thrown [s\src\hotspot\share\prims\jni.cpp, line 520]
Event: 33.736 Thread 0x000001e08ec414d0 Exception <a 'sun/nio/fs/WindowsException'{0x00000000d5df71d0}> (0x00000000d5df71d0) 
thrown [s\src\hotspot\share\prims\jni.cpp, line 520]
Event: 33.736 Thread 0x000001e08ec414d0 Exception <a 'sun/nio/fs/WindowsException'{0x00000000d5df7708}> (0x00000000d5df7708) 
thrown [s\src\hotspot\share\prims\jni.cpp, line 520]
Event: 33.737 Thread 0x000001e08ec414d0 Exception <a 'sun/nio/fs/WindowsException'{0x00000000d5df8528}> (0x00000000d5df8528) 
thrown [s\src\hotspot\share\prims\jni.cpp, line 520]
Event: 33.737 Thread 0x000001e08ec414d0 Exception <a 'sun/nio/fs/WindowsException'{0x00000000d5df8a60}> (0x00000000d5df8a60) 
thrown [s\src\hotspot\share\prims\jni.cpp, line 520]
Event: 33.751 Thread 0x000001e08ec414d0 Exception <a 'java/io/FileNotFoundException'{0x00000000d5e35370}> (0x00000000d5e35370) 
thrown [s\src\hotspot\share\prims\jni.cpp, line 520]
Event: 33.751 Thread 0x000001e08ec414d0 Exception <a 'java/io/FileNotFoundException'{0x00000000d5e360e0}> (0x00000000d5e360e0) 
thrown [s\src\hotspot\share\prims\jni.cpp, line 520]
Event: 33.758 Thread 0x000001e08ec414d0 Exception <a 'sun/nio/fs/WindowsException'{0x00000000d5e74dc0}> (0x00000000d5e74dc0) 
thrown [s\src\hotspot\share\prims\jni.cpp, line 520]
Event: 33.759 Thread 0x000001e08ec414d0 Exception <a 'sun/nio/fs/WindowsException'{0x00000000d5e752f8}> (0x00000000d5e752f8) 
thrown [s\src\hotspot\share\prims\jni.cpp, line 520]

ZGC Phase Switch (0 events):
No events

VM Operations (20 events):
Event: 31.100 Executing VM operation: ParallelGCFailedAllocation (Allocation Failure)
Event: 31.121 Executing VM operation: ParallelGCFailedAllocation (Allocation Failure) done
Event: 31.201 Executing VM operation: HandshakeAllThreads (Deoptimize)
Event: 31.201 Executing VM operation: HandshakeAllThreads (Deoptimize) done
Event: 31.203 Executing VM operation: HandshakeAllThreads (Deoptimize)
Event: 31.238 Executing VM operation: HandshakeAllThreads (Deoptimize) done
Event: 31.249 Executing VM operation: HandshakeAllThreads (Deoptimize)
Event: 31.250 Executing VM operation: HandshakeAllThreads (Deoptimize) done
Event: 31.400 Executing VM operation: ParallelGCFailedAllocation (Allocation Failure)
Event: 31.405 Executing VM operation: ParallelGCFailedAllocation (Allocation Failure) done
Event: 31.645 Executing VM operation: HandshakeAllThreads (Deoptimize)
Event: 31.645 Executing VM operation: HandshakeAllThreads (Deoptimize) done
Event: 31.996 Executing VM operation: ParallelGCFailedAllocation (Allocation Failure)
Event: 31.998 Executing VM operation: ParallelGCFailedAllocation (Allocation Failure) done
Event: 32.626 Executing VM operation: ParallelGCFailedAllocation (Allocation Failure)
Event: 32.627 Executing VM operation: ParallelGCFailedAllocation (Allocation Failure) done
Event: 33.040 Executing VM operation: ParallelGCFailedAllocation (Allocation Failure)
Event: 33.046 Executing VM operation: ParallelGCFailedAllocation (Allocation Failure) done
Event: 33.901 Executing VM operation: HandshakeAllThreads (Deoptimize)
Event: 33.942 Executing VM operation: HandshakeAllThreads (Deoptimize) done

Memory protections (0 events):
No events

Nmethod flushes (20 events):
Event: 23.427 Thread 0x000001e047d8c200 flushing  nmethod 0x000001e034c5f610
Event: 23.427 Thread 0x000001e047d8c200 flushing  nmethod 0x000001e034c5fa10
Event: 23.427 Thread 0x000001e047d8c200 flushing  nmethod 0x000001e034c60310
Event: 23.427 Thread 0x000001e047d8c200 flushing  nmethod 0x000001e034c61510
Event: 23.427 Thread 0x000001e047d8c200 flushing  nmethod 0x000001e034c61d10
Event: 23.427 Thread 0x000001e047d8c200 flushing  nmethod 0x000001e034c62490
Event: 23.427 Thread 0x000001e047d8c200 flushing  nmethod 0x000001e034c64590
Event: 23.427 Thread 0x000001e047d8c200 flushing  nmethod 0x000001e034c64a90
Event: 23.427 Thread 0x000001e047d8c200 flushing  nmethod 0x000001e034c66390
Event: 23.427 Thread 0x000001e047d8c200 flushing  nmethod 0x000001e034c66810
Event: 23.427 Thread 0x000001e047d8c200 flushing  nmethod 0x000001e034c67590
Event: 23.427 Thread 0x000001e047d8c200 flushing  nmethod 0x000001e034c67a90
Event: 23.427 Thread 0x000001e047d8c200 flushing  nmethod 0x000001e034c76090
Event: 23.427 Thread 0x000001e047d8c200 flushing  nmethod 0x000001e034ca4110
Event: 23.427 Thread 0x000001e047d8c200 flushing  nmethod 0x000001e034ca6790
Event: 23.427 Thread 0x000001e047d8c200 flushing  nmethod 0x000001e034d0d010
Event: 23.427 Thread 0x000001e047d8c200 flushing  nmethod 0x000001e034d0f890
Event: 23.427 Thread 0x000001e047d8c200 flushing  nmethod 0x000001e034d3d910
Event: 23.427 Thread 0x000001e047d8c200 flushing  nmethod 0x000001e034d8e190
Event: 23.427 Thread 0x000001e047d8c200 flushing  nmethod 0x000001e034d8e610

Events (20 events):
Event: 24.490 Thread 0x000001e0313d1050 Thread added: 0x000001e091f13ed0
Event: 24.490 Thread 0x000001e0313d1050 Thread added: 0x000001e091f13840
Event: 24.490 Thread 0x000001e0313d1050 Thread added: 0x000001e091f14560
Event: 24.820 Thread 0x000001e0313d1050 Thread added: 0x000001e091f15280
Event: 25.739 Thread 0x000001e0313d1050 Thread added: 0x000001e091f14bf0
Event: 25.739 Thread 0x000001e0313d1050 Thread added: 0x000001e091f103c0
Event: 26.046 Thread 0x000001e08ec26880 Thread exited: 0x000001e08ec26880
Event: 26.132 Thread 0x000001e047e25ee0 Thread added: 0x000001e0911a8c30
Event: 27.400 Thread 0x000001e08ec414d0 Thread added: 0x000001e091f10a50
Event: 27.402 Thread 0x000001e08ec414d0 Thread added: 0x000001e091f11e00
Event: 27.411 Thread 0x000001e091f10a50 Thread added: 0x000001e091f131b0
Event: 27.776 Thread 0x000001e0911a8c30 Thread exited: 0x000001e0911a8c30
Event: 28.304 Thread 0x000001e047e25ee0 Thread added: 0x000001e08f502520
Event: 29.888 Thread 0x000001e08f502520 Thread exited: 0x000001e08f502520
Event: 29.892 Thread 0x000001e047e25ee0 Thread added: 0x000001e08e4241b0
Event: 31.522 Thread 0x000001e08e4241b0 Thread exited: 0x000001e08e4241b0
Event: 33.012 Thread 0x000001e047e25ee0 Thread added: 0x000001e092459bc0
Event: 33.807 Thread 0x000001e08ec414d0 Thread added: 0x000001e091f110e0
Event: 34.074 Thread 0x000001e092459bc0 Thread exited: 0x000001e092459bc0
Event: 34.104 Thread 0x000001e047e25ee0 Thread added: 0x000001e090a1d240


Dynamic libraries:
0x00007ff7239f0000 - 0x00007ff7239fe000 	c:\Users\dell\.vscode\extensions\redhat.java-1.45.0-win32-x64\jre\21.0.8-win32-x86_64\bin\java.exe
0x00007ff87bc50000 - 0x00007ff87be48000 	C:\Windows\SYSTEM32\ntdll.dll
0x00007ff87a850000 - 0x00007ff87a912000 	C:\Windows\System32\KERNEL32.DLL
0x00007ff879480000 - 0x00007ff879777000 	C:\Windows\System32\KERNELBASE.dll
0x00007ff879a30000 - 0x00007ff879b30000 	C:\Windows\System32\ucrtbase.dll
0x00007ff8412f0000 - 0x00007ff841308000 	c:\Users\dell\.vscode\extensions\redhat.java-1.45.0-win32-x64\jre\21.0.8-win32-x86_64\bin\jli.dll
0x00007ff87b900000 - 0x00007ff87ba9d000 	C:\Windows\System32\USER32.dll
0x00007ff879a00000 - 0x00007ff879a22000 	C:\Windows\System32\win32u.dll
0x00007ff87b510000 - 0x00007ff87b53b000 	C:\Windows\System32\GDI32.dll
0x00007ff879780000 - 0x00007ff879899000 	C:\Windows\System32\gdi32full.dll
0x00007ff8793b0000 - 0x00007ff87944d000 	C:\Windows\System32\msvcp_win.dll
0x00007ff840200000 - 0x00007ff84021e000 	c:\Users\dell\.vscode\extensions\redhat.java-1.45.0-win32-x64\jre\21.0.8-win32-x86_64\bin\VCRUNTIME140.dll
0x00007ff867240000 - 0x00007ff8674da000 	C:\Windows\WinSxS\amd64_microsoft.windows.common-controls_6595b64144ccf1df_6.0.19041.5915_none_60b4b9d171f9c7c7\COMCTL32.dll
0x00007ff87b090000 - 0x00007ff87b12e000 	C:\Windows\System32\msvcrt.dll
0x00007ff87bbe0000 - 0x00007ff87bc0f000 	C:\Windows\System32\IMM32.DLL
0x00007ff863170000 - 0x00007ff86317c000 	c:\Users\dell\.vscode\extensions\redhat.java-1.45.0-win32-x64\jre\21.0.8-win32-x86_64\bin\vcruntime140_1.dll
0x00007ff8395b0000 - 0x00007ff83963d000 	c:\Users\dell\.vscode\extensions\redhat.java-1.45.0-win32-x64\jre\21.0.8-win32-x86_64\bin\msvcp140.dll
0x00007ff802ff0000 - 0x00007ff803d87000 	c:\Users\dell\.vscode\extensions\redhat.java-1.45.0-win32-x64\jre\21.0.8-win32-x86_64\bin\server\jvm.dll
0x00007ff87a0c0000 - 0x00007ff87a171000 	C:\Windows\System32\ADVAPI32.dll
0x00007ff87a7a0000 - 0x00007ff87a83f000 	C:\Windows\System32\sechost.dll
0x00007ff87b2f0000 - 0x00007ff87b416000 	C:\Windows\System32\RPCRT4.dll
0x00007ff879450000 - 0x00007ff879477000 	C:\Windows\System32\bcrypt.dll
0x00007ff87b420000 - 0x00007ff87b48b000 	C:\Windows\System32\WS2_32.dll
0x00007ff879140000 - 0x00007ff87918b000 	C:\Windows\SYSTEM32\POWRPROF.dll
0x00007ff867510000 - 0x00007ff867537000 	C:\Windows\SYSTEM32\WINMM.dll
0x00007ff8734a0000 - 0x00007ff8734aa000 	C:\Windows\SYSTEM32\VERSION.dll
0x00007ff879120000 - 0x00007ff879132000 	C:\Windows\SYSTEM32\UMPDC.dll
0x00007ff877ac0000 - 0x00007ff877ad2000 	C:\Windows\SYSTEM32\kernel.appcore.dll
0x00007ff862790000 - 0x00007ff86279a000 	c:\Users\dell\.vscode\extensions\redhat.java-1.45.0-win32-x64\jre\21.0.8-win32-x86_64\bin\jimage.dll
0x00007ff876fe0000 - 0x00007ff8771e1000 	C:\Windows\SYSTEM32\DBGHELP.DLL
0x00007ff85aac0000 - 0x00007ff85aaf4000 	C:\Windows\SYSTEM32\dbgcore.DLL
0x00007ff879b30000 - 0x00007ff879bb2000 	C:\Windows\System32\bcryptPrimitives.dll
0x00007ff865750000 - 0x00007ff86575f000 	c:\Users\dell\.vscode\extensions\redhat.java-1.45.0-win32-x64\jre\21.0.8-win32-x86_64\bin\instrument.dll
0x00007ff8401e0000 - 0x00007ff8401ff000 	c:\Users\dell\.vscode\extensions\redhat.java-1.45.0-win32-x64\jre\21.0.8-win32-x86_64\bin\java.dll
0x00007ff87a920000 - 0x00007ff87b08e000 	C:\Windows\System32\SHELL32.dll
0x00007ff8771f0000 - 0x00007ff877994000 	C:\Windows\SYSTEM32\windows.storage.dll
0x00007ff87b5a0000 - 0x00007ff87b8f3000 	C:\Windows\System32\combase.dll
0x00007ff878b60000 - 0x00007ff878b8b000 	C:\Windows\SYSTEM32\Wldp.dll
0x00007ff879fe0000 - 0x00007ff87a0ad000 	C:\Windows\System32\OLEAUT32.dll
0x00007ff87b130000 - 0x00007ff87b1dd000 	C:\Windows\System32\SHCORE.dll
0x00007ff87baa0000 - 0x00007ff87bafb000 	C:\Windows\System32\shlwapi.dll
0x00007ff879210000 - 0x00007ff879234000 	C:\Windows\SYSTEM32\profapi.dll
0x00007ff83f770000 - 0x00007ff83f788000 	c:\Users\dell\.vscode\extensions\redhat.java-1.45.0-win32-x64\jre\21.0.8-win32-x86_64\bin\zip.dll
0x00007ff8559b0000 - 0x00007ff8559c0000 	C:\Users\dell\.vscode\extensions\redhat.java-1.45.0-win32-x64\jre\21.0.8-win32-x86_64\bin\net.dll
0x00007ff871d60000 - 0x00007ff871e6a000 	C:\Windows\SYSTEM32\WINHTTP.dll
0x00007ff878940000 - 0x00007ff8789aa000 	C:\Windows\system32\mswsock.dll
0x00007ff837680000 - 0x00007ff837696000 	C:\Users\dell\.vscode\extensions\redhat.java-1.45.0-win32-x64\jre\21.0.8-win32-x86_64\bin\nio.dll
0x00007ff8548c0000 - 0x00007ff8548d0000 	c:\Users\dell\.vscode\extensions\redhat.java-1.45.0-win32-x64\jre\21.0.8-win32-x86_64\bin\verify.dll
0x00007ff839de0000 - 0x00007ff839e24000 	C:\Users\dell\AppData\Roaming\Code\User\globalStorage\redhat.java\1.45.0\config_win\org.eclipse.equinox.launcher\org.eclipse.equinox.launcher.win32.win32.x86_64_1.2.1400.v20250801-0854\eclipse_11916.dll
0x00007ff879d60000 - 0x00007ff879e8b000 	C:\Windows\System32\ole32.dll
0x00007ff878ba0000 - 0x00007ff878bb8000 	C:\Windows\SYSTEM32\CRYPTSP.dll
0x00007ff878280000 - 0x00007ff8782b8000 	C:\Windows\system32\rsaenh.dll
0x00007ff879190000 - 0x00007ff8791be000 	C:\Windows\SYSTEM32\USERENV.dll
0x00007ff878ad0000 - 0x00007ff878adc000 	C:\Windows\SYSTEM32\CRYPTBASE.dll
0x00007ff878640000 - 0x00007ff87867b000 	C:\Windows\SYSTEM32\IPHLPAPI.DLL
0x00007ff879fd0000 - 0x00007ff879fd8000 	C:\Windows\System32\NSI.dll
0x00007ff839940000 - 0x00007ff839989000 	C:\Users\dell\AppData\Local\Temp\jna-3079617\jna5181312477392964842.dll
0x00007ff87a840000 - 0x00007ff87a848000 	C:\Windows\System32\PSAPI.DLL
0x00007ff8726f0000 - 0x00007ff872707000 	C:\Windows\SYSTEM32\dhcpcsvc6.DLL
0x00007ff872640000 - 0x00007ff87265d000 	C:\Windows\SYSTEM32\dhcpcsvc.DLL

JVMTI agents:
c:\Users\dell\.vscode\extensions\redhat.java-1.45.0-win32-x64\lombok\lombok-1.18.39-4050.jar path:c:\Users\dell\.vscode\extensions\redhat.java-1.45.0-win32-x64\jre\21.0.8-win32-x86_64\bin\instrument.dll, loaded, initialized, instrumentlib options:none

dbghelp: loaded successfully - version: 4.0.5 - missing functions: none
symbol engine: initialized successfully - sym options: 0x614 - pdb path: .;c:\Users\dell\.vscode\extensions\redhat.java-1.45.0-win32-x64\jre\21.0.8-win32-x86_64\bin;C:\Windows\SYSTEM32;C:\Windows\WinSxS\amd64_microsoft.windows.common-controls_6595b64144ccf1df_6.0.19041.5915_none_60b4b9d171f9c7c7;c:\Users\dell\.vscode\extensions\redhat.java-1.45.0-win32-x64\jre\21.0.8-win32-x86_64\bin\server;C:\Users\dell\AppData\Roaming\Code\User\globalStorage\redhat.java\1.45.0\config_win\org.eclipse.equinox.launcher\org.eclipse.equinox.launcher.win32.win32.x86_64_1.2.1400.v20250801-0854;C:\Users\dell\AppData\Local\Temp\jna-3079617

VM Arguments:
jvm_args: --add-modules=ALL-SYSTEM --add-opens=java.base/java.util=ALL-UNNAMED --add-opens=java.base/java.lang=ALL-UNNAMED --add-opens=java.base/sun.nio.fs=ALL-UNNAMED -Declipse.application=org.eclipse.jdt.ls.core.id1 -Dosgi.bundles.defaultStartLevel=4 -Declipse.product=org.eclipse.jdt.ls.core.product -Djava.import.generatesMetadataFilesAtProjectRoot=false -DDetectVMInstallationsJob.disabled=true -Dfile.encoding=utf8 -XX:+UseParallelGC -XX:GCTimeRatio=4 -XX:AdaptiveSizePolicyWeight=90 -Dsun.zip.disableMemoryMapping=true -Xmx2G -Xms100m -Xlog:disable -javaagent:c:\Users\dell\.vscode\extensions\redhat.java-1.45.0-win32-x64\lombok\lombok-1.18.39-4050.jar -XX:+HeapDumpOnOutOfMemoryError -XX:HeapDumpPath=c:\Users\dell\AppData\Roaming\Code\User\workspaceStorage\5e95045cd993ac5bf9ff0eb863561a1c\redhat.java -Daether.dependencyCollector.impl=bf 
java_command: c:\Users\dell\.vscode\extensions\redhat.java-1.45.0-win32-x64\server\plugins\org.eclipse.equinox.launcher_1.7.0.v20250519-0528.jar -configuration c:\Users\dell\AppData\Roaming\Code\User\globalStorage\redhat.java\1.45.0\config_win -data c:\Users\dell\AppData\Roaming\Code\User\workspaceStorage\5e95045cd993ac5bf9ff0eb863561a1c\redhat.java\jdt_ws --pipe=\\.\pipe\lsp-f13d6a8d65a61a085b4b55a297646aab-sock
java_class_path (initial): c:\Users\dell\.vscode\extensions\redhat.java-1.45.0-win32-x64\server\plugins\org.eclipse.equinox.launcher_1.7.0.v20250519-0528.jar
Launcher Type: SUN_STANDARD

[Global flags]
    uintx AdaptiveSizePolicyWeight                 = 90                                        {product} {command line}
     intx CICompilerCount                          = 3                                         {product} {ergonomic}
    uintx GCTimeRatio                              = 4                                         {product} {command line}
     bool HeapDumpOnOutOfMemoryError               = true                                   {manageable} {command line}
    ccstr HeapDumpPath                             = c:\Users\dell\AppData\Roaming\Code\User\workspaceStorage\5e95045cd993ac5bf9ff0eb863561a1c\redhat.java         {manageable} {command line}
   size_t InitialHeapSize                          = 104857600                                 {product} {command line}
   size_t MaxHeapSize                              = 2147483648                                {product} {command line}
   size_t MaxNewSize                               = 715653120                                 {product} {ergonomic}
   size_t MinHeapDeltaBytes                        = 524288                                    {product} {ergonomic}
   size_t MinHeapSize                              = 104857600                                 {product} {command line}
   size_t NewSize                                  = 34603008                                  {product} {ergonomic}
    uintx NonNMethodCodeHeapSize                   = 5832780                                {pd product} {ergonomic}
    uintx NonProfiledCodeHeapSize                  = 122912730                              {pd product} {ergonomic}
   size_t OldSize                                  = 70254592                                  {product} {ergonomic}
    uintx ProfiledCodeHeapSize                     = 122912730                              {pd product} {ergonomic}
    uintx ReservedCodeCacheSize                    = 251658240                              {pd product} {ergonomic}
     bool SegmentedCodeCache                       = true                                      {product} {ergonomic}
   size_t SoftMaxHeapSize                          = 2147483648                             {manageable} {ergonomic}
     bool UseCompressedOops                        = true                           {product lp64_product} {ergonomic}
     bool UseLargePagesIndividualAllocation        = false                                  {pd product} {ergonomic}
     bool UseParallelGC                            = true                                      {product} {command line}

Logging:
Log output configuration:
 #0: stdout all=off uptime,level,tags foldmultilines=false
 #1: stderr all=off uptime,level,tags foldmultilines=false

Environment Variables:
JAVA_HOME=S:\Java\jdk-17
PATH=C:\Program Files (x86)\VMware\VMware Workstation\bin\;C:\Program Files\Common Files\Oracle\Java\javapath;C:\Windows\system32;C:\Windows;C:\Windows\System32\Wbem;C:\Windows\System32\WindowsPowerShell\v1.0\;C:\Windows\System32\OpenSSH\;C:\Program Files\Java\jdk-20\bin;C:\Program Files (x86)\Microsoft SQL Server\100\Tools\Binn\;C:\Program Files\Microsoft SQL Server\100\Tools\Binn\;C:\Program Files\Microsoft SQL Server\100\DTS\Binn\;D:\runtime\win64;D:\bin;C:\ProgramData\ComposerSetup\bin;C:\laragon\bin\php\php-8.3.16-Win32-vs16-x64;C:\Program Files\nodejs\;C:\ProgramData\chocolatey\bin;C:\Program Files\Java\jdk-19\bin;C:\Program Files\Docker\Docker\resources\bin;C:\Program Files\Git\cmd;C:\Program Files (x86)\webdriver;S:\Java\jdk-17\bin;S:\cyber\New folder\Scripts\;S:\cyber\New folder\;C:\Users\dell\AppData\Local\Programs\Python\Launcher\;C:\Users\dell\.config\herd-lite\bin;C:\Users\dell\AppData\Local\Microsoft\WindowsApps;;C:\Users\dell\AppData\Local\Programs\Microsoft VS Code\bin;C:\Users\dell\AppData\Roaming\Composer\vendor\bin;C:\Users\dell\AppData\Roaming\npm
USERNAME=dell
OS=Windows_NT
PROCESSOR_IDENTIFIER=Intel64 Family 6 Model 142 Stepping 9, GenuineIntel
TMP=C:\Users\dell\AppData\Local\Temp
TEMP=C:\Users\dell\AppData\Local\Temp




Periodic native trim disabled

---------------  S Y S T E M  ---------------

OS:
 Windows 10 , 64 bit Build 19041 (10.0.19041.5915)
OS uptime: 0 days 2:37 hours
Hyper-V role detected

CPU: total 4 (initial active 4) (2 cores per cpu, 2 threads per core) family 6 model 142 stepping 9 microcode 0xf6, cx8, cmov, fxsr, ht, mmx, 3dnowpref, sse, sse2, sse3, ssse3, sse4.1, sse4.2, popcnt, lzcnt, tsc, tscinvbit, avx, avx2, aes, erms, clmul, bmi1, bmi2, rtm, adx, fma, vzeroupper, clflush, clflushopt, hv, rdtscp, f16c
Processor Information for the first 4 processors :
  Max Mhz: 2712, Current Mhz: 2611, Mhz Limit: 2603

Memory: 4k page, system-wide physical 8068M (502M free)
TotalPageFile size 11894M (AvailPageFile size 14M)
current process WorkingSet (physical memory assigned to process): 236M, peak: 248M
current process commit charge ("private bytes"): 317M, peak: 344M

vm_info: OpenJDK 64-Bit Server VM (21.0.8+9-LTS) for windows-amd64 JRE (21.0.8+9-LTS), built on 2025-07-15T00:00:00Z by "admin" with MS VC++ 17.7 (VS2022)

END.
