#
# There is insufficient memory for the Java Runtime Environment to continue.
# Native memory allocation (mmap) failed to map 134217728 bytes for G1 virtual space
# Possible reasons:
#   The system is out of physical RAM or swap space
#   The process is running with CompressedOops enabled, and the Java Heap may be blocking the growth of the native heap
# Possible solutions:
#   Reduce memory load on the system
#   Increase physical memory or swap space
#   Check if swap backing store is full
#   Decrease Java heap size (-Xmx/-Xms)
#   Decrease number of Java threads
#   Decrease Java thread stack sizes (-Xss)
#   Set larger code cache with -XX:ReservedCodeCacheSize=
#   JVM is running with Unscaled Compressed Oops mode in which the Java heap is
#     placed in the first 4GB address space. The Java Heap base address is the
#     maximum limit for the native heap growth. Please use -XX:HeapBaseMinAddress
#     to set the Java Heap base and to place the Java Heap above 4GB virtual address.
# This output file may be truncated or incomplete.
#
#  Out of Memory Error (os_windows.cpp:3548), pid=15544, tid=8372
#
# JRE version:  (17.0.12+8) (build )
# Java VM: Java HotSpot(TM) 64-Bit Server VM (17.0.12+8-LTS-286, mixed mode, sharing, tiered, compressed oops, compressed class ptrs, g1 gc, windows-amd64)
# No core dump will be written. Minidumps are not enabled by default on client versions of Windows
#

---------------  S U M M A R Y ------------

Command Line: -Dcom.sun.management.jmxremote -Dcom.sun.management.jmxremote.port=52933 -Dcom.sun.management.jmxremote.authenticate=false -Dcom.sun.management.jmxremote.ssl=false -Dspring.jmx.enabled=true -Djava.rmi.server.hostname=localhost -Dspring.application.admin.enabled=true -Dspring.boot.project.name=eureka-server -XX:+ShowCodeDetailsInExceptionMessages -Dmanagement.endpoints.jmx.exposure.include=* com.shidiq.eureka_server.EurekaServerApplication

Host: Intel(R) Core(TM) i5-7300U CPU @ 2.60GHz, 4 cores, 7G,  Windows 10 , 64 bit Build 19041 (10.0.19041.5915)
Time: Thu Oct  2 11:22:42 2025 SE Asia Standard Time elapsed time: 0.016737 seconds (0d 0h 0m 0s)

---------------  T H R E A D  ---------------

Current thread (0x000001c73cdcf150):  JavaThread "Unknown thread" [_thread_in_vm, id=8372, stack(0x0000008921700000,0x0000008921800000)]

Stack: [0x0000008921700000,0x0000008921800000]
Native frames: (J=compiled Java code, j=interpreted, Vv=VM code, C=native code)
V  [jvm.dll+0x67a04a]
V  [jvm.dll+0x7da4ed]
V  [jvm.dll+0x7dbe33]
V  [jvm.dll+0x7dc4a3]
V  [jvm.dll+0x24508f]
V  [jvm.dll+0x677089]
V  [jvm.dll+0x66bd32]
V  [jvm.dll+0x301fa6]
V  [jvm.dll+0x309546]
V  [jvm.dll+0x359d2e]
V  [jvm.dll+0x359f5f]
V  [jvm.dll+0x2d9078]
V  [jvm.dll+0x2d9fe4]
V  [jvm.dll+0x7aca21]
V  [jvm.dll+0x367591]
V  [jvm.dll+0x78b999]
V  [jvm.dll+0x3ec83f]
V  [jvm.dll+0x3ee471]
C  [jli.dll+0x5297]
C  [ucrtbase.dll+0x21bb2]
C  [KERNEL32.DLL+0x17374]
C  [ntdll.dll+0x4cc91]


---------------  P R O C E S S  ---------------

Threads class SMR info:
_java_thread_list=0x00007ffcf2517a18, length=0, elements={
}

Java Threads: ( => current thread )

Other Threads:
  0x000001c73ce2ff20 GCTaskThread "GC Thread#0" [stack: 0x0000008921800000,0x0000008921900000] [id=13268]
  0x000001c73ce409c0 ConcurrentGCThread "G1 Main Marker" [stack: 0x0000008921900000,0x0000008921a00000] [id=2360]
  0x000001c73ce412e0 ConcurrentGCThread "G1 Conc#0" [stack: 0x0000008921a00000,0x0000008921b00000] [id=15864]

[error occurred during error reporting (printing all threads), id 0xc0000005, EXCEPTION_ACCESS_VIOLATION (0xc0000005) at pc=0x00007ffcf1d49b67]

VM state: not at safepoint (not fully initialized)

VM Mutex/Monitor currently owned by a thread:  ([mutex/lock_event])
[0x000001c73cdca490] Heap_lock - owner thread: 0x000001c73cdcf150

Heap address: 0x0000000081e00000, size: 2018 MB, Compressed Oops mode: 32-bit

CDS archive(s) mapped at: [0x0000000000000000-0x0000000000000000-0x0000000000000000), size 0, SharedBaseAddress: 0x0000000800000000, ArchiveRelocationMode: 1.
Narrow klass base: 0x0000000000000000, Narrow klass shift: 0, Narrow klass range: 0x0

GC Precious Log:
<Empty>

Heap:
 garbage-first heap   total 0K, used 0K [0x0000000081e00000, 0x0000000100000000)
  region size 1024K, 0 young (0K), 0 survivors (0K)

[error occurred during error reporting (printing heap information), id 0xc0000005, EXCEPTION_ACCESS_VIOLATION (0xc0000005) at pc=0x00007ffcf2133859]

GC Heap History (0 events):
No events

Deoptimization events (0 events):
No events

Classes unloaded (0 events):
No events

Classes redefined (0 events):
No events

Internal exceptions (0 events):
No events

VM Operations (0 events):
No events

Events (1 events):
Event: 0.009 Loaded shared library S:\Java\jdk-17\bin\java.dll


Dynamic libraries:
0x00007ff660ce0000 - 0x00007ff660cf0000 	S:\Java\jdk-17\bin\java.exe
0x00007ffd505d0000 - 0x00007ffd507c8000 	C:\Windows\SYSTEM32\ntdll.dll
0x00007ffd4f520000 - 0x00007ffd4f5e2000 	C:\Windows\System32\KERNEL32.DLL
0x00007ffd4e0c0000 - 0x00007ffd4e3b6000 	C:\Windows\System32\KERNELBASE.dll
0x00007ffd4e500000 - 0x00007ffd4e600000 	C:\Windows\System32\ucrtbase.dll
0x00007ffd45380000 - 0x00007ffd4539b000 	S:\Java\jdk-17\bin\VCRUNTIME140.dll
0x00007ffd480a0000 - 0x00007ffd480b9000 	S:\Java\jdk-17\bin\jli.dll
0x00007ffd4e600000 - 0x00007ffd4e6b1000 	C:\Windows\System32\ADVAPI32.dll
0x00007ffd4f470000 - 0x00007ffd4f50e000 	C:\Windows\System32\msvcrt.dll
0x00007ffd4ff60000 - 0x00007ffd4ffff000 	C:\Windows\System32\sechost.dll
0x00007ffd4f7b0000 - 0x00007ffd4f8d0000 	C:\Windows\System32\RPCRT4.dll
0x00007ffd4ddc0000 - 0x00007ffd4dde7000 	C:\Windows\System32\bcrypt.dll
0x00007ffd4f200000 - 0x00007ffd4f39d000 	C:\Windows\System32\USER32.dll
0x00007ffd4dd90000 - 0x00007ffd4ddb2000 	C:\Windows\System32\win32u.dll
0x00007ffd3b940000 - 0x00007ffd3bbdb000 	C:\Windows\WinSxS\amd64_microsoft.windows.common-controls_6595b64144ccf1df_6.0.19041.6280_none_60bc30a171f2f3f3\COMCTL32.dll
0x00007ffd4fd70000 - 0x00007ffd4fd9b000 	C:\Windows\System32\GDI32.dll
0x00007ffd4dc70000 - 0x00007ffd4dd89000 	C:\Windows\System32\gdi32full.dll
0x00007ffd4de40000 - 0x00007ffd4dedd000 	C:\Windows\System32\msvcp_win.dll
0x00007ffd47d50000 - 0x00007ffd47d5a000 	C:\Windows\SYSTEM32\VERSION.dll
0x00007ffd4f710000 - 0x00007ffd4f73f000 	C:\Windows\System32\IMM32.DLL
0x00007ffd497f0000 - 0x00007ffd497fc000 	S:\Java\jdk-17\bin\vcruntime140_1.dll
0x00007ffd2f1f0000 - 0x00007ffd2f27e000 	S:\Java\jdk-17\bin\msvcp140.dll
0x00007ffcf1a60000 - 0x00007ffcf2640000 	S:\Java\jdk-17\bin\server\jvm.dll
0x00007ffd4f510000 - 0x00007ffd4f518000 	C:\Windows\System32\PSAPI.DLL
0x00007ffd37050000 - 0x00007ffd37059000 	C:\Windows\SYSTEM32\WSOCK32.dll
0x00007ffd3bbe0000 - 0x00007ffd3bc07000 	C:\Windows\SYSTEM32\WINMM.dll
0x00007ffd4f740000 - 0x00007ffd4f7ab000 	C:\Windows\System32\WS2_32.dll
0x00007ffd4c450000 - 0x00007ffd4c462000 	C:\Windows\SYSTEM32\kernel.appcore.dll
0x00007ffd48040000 - 0x00007ffd4804a000 	S:\Java\jdk-17\bin\jimage.dll
0x00007ffd4b970000 - 0x00007ffd4bb71000 	C:\Windows\SYSTEM32\DBGHELP.DLL
0x00007ffd2f700000 - 0x00007ffd2f734000 	C:\Windows\SYSTEM32\dbgcore.DLL
0x00007ffd4e470000 - 0x00007ffd4e4f2000 	C:\Windows\System32\bcryptPrimitives.dll
0x00007ffd2ec10000 - 0x00007ffd2ec35000 	S:\Java\jdk-17\bin\java.dll

dbghelp: loaded successfully - version: 4.0.5 - missing functions: none
symbol engine: initialized successfully - sym options: 0x614 - pdb path: .;S:\Java\jdk-17\bin;C:\Windows\SYSTEM32;C:\Windows\WinSxS\amd64_microsoft.windows.common-controls_6595b64144ccf1df_6.0.19041.6280_none_60bc30a171f2f3f3;S:\Java\jdk-17\bin\server

VM Arguments:
jvm_args: -Dcom.sun.management.jmxremote -Dcom.sun.management.jmxremote.port=52933 -Dcom.sun.management.jmxremote.authenticate=false -Dcom.sun.management.jmxremote.ssl=false -Dspring.jmx.enabled=true -Djava.rmi.server.hostname=localhost -Dspring.application.admin.enabled=true -Dspring.boot.project.name=eureka-server -XX:+ShowCodeDetailsInExceptionMessages -Dmanagement.endpoints.jmx.exposure.include=* 
java_command: com.shidiq.eureka_server.EurekaServerApplication
java_class_path (initial): S:\Arsitektur-Layanan-Shidiq\eureka-server\target\classes;C:\Users\dell\.m2\repository\org\springframework\cloud\spring-cloud-starter-netflix-eureka-server\4.3.0\spring-cloud-starter-netflix-eureka-server-4.3.0.jar;C:\Users\dell\.m2\repository\org\springframework\cloud\spring-cloud-starter\4.3.0\spring-cloud-starter-4.3.0.jar;C:\Users\dell\.m2\repository\org\springframework\cloud\spring-cloud-context\4.3.0\spring-cloud-context-4.3.0.jar;C:\Users\dell\.m2\repository\org\springframework\security\spring-security-crypto\6.5.3\spring-security-crypto-6.5.3.jar;C:\Users\dell\.m2\repository\org\springframework\cloud\spring-cloud-commons\4.3.0\spring-cloud-commons-4.3.0.jar;C:\Users\dell\.m2\repository\org\bouncycastle\bcprov-jdk18on\1.80\bcprov-jdk18on-1.80.jar;C:\Users\dell\.m2\repository\org\springframework\cloud\spring-cloud-netflix-eureka-server\4.3.0\spring-cloud-netflix-eureka-server-4.3.0.jar;C:\Users\dell\.m2\repository\org\springframework\boot\spring-boot-starter-web\3.5.5\spring-boot-starter-web-3.5.5.jar;C:\Users\dell\.m2\repository\org\springframework\boot\spring-boot-starter-json\3.5.5\spring-boot-starter-json-3.5.5.jar;C:\Users\dell\.m2\repository\com\fasterxml\jackson\datatype\jackson-datatype-jdk8\2.19.2\jackson-datatype-jdk8-2.19.2.jar;C:\Users\dell\.m2\repository\com\fasterxml\jackson\datatype\jackson-datatype-jsr310\2.19.2\jackson-datatype-jsr310-2.19.2.jar;C:\Users\dell\.m2\repository\com\fasterxml\jackson\module\jackson-module-parameter-names\2.19.2\jackson-module-parameter-names-2.19.2.jar;C:\Users\dell\.m2\repository\org\springframework\boot\spring-boot-starter-tomcat\3.5.5\spring-boot-starter-tomcat-3.5.5.jar;C:\Users\dell\.m2\repository\org\apache\tomcat\embed\tomcat-embed-core\10.1.44\tomcat-embed-core-10.1.44.jar;C:\Users\dell\.m2\repository\org\apache\tomcat\embed\tomcat-embed-el\10.1.44\tomcat-embed-el-10.1.44.jar;C:\Users\dell\.m2\repository\org\apache\tomcat\embed\tomcat-embed-websocket\10.1.44\tomcat-embed-websock
Launcher Type: SUN_STANDARD

[Global flags]
     intx CICompilerCount                          = 3                                         {product} {ergonomic}
     uint ConcGCThreads                            = 1                                         {product} {ergonomic}
     uint G1ConcRefinementThreads                  = 4                                         {product} {ergonomic}
   size_t G1HeapRegionSize                         = 1048576                                   {product} {ergonomic}
    uintx GCDrainStackTargetSize                   = 64                                        {product} {ergonomic}
   size_t InitialHeapSize                          = 134217728                                 {product} {ergonomic}
     bool ManagementServer                         = true                                      {product} {command line}
   size_t MarkStackSize                            = 4194304                                   {product} {ergonomic}
   size_t MaxHeapSize                              = 2116026368                                {product} {ergonomic}
   size_t MinHeapDeltaBytes                        = 1048576                                   {product} {ergonomic}
   size_t MinHeapSize                              = 8388608                                   {product} {ergonomic}
    uintx NonNMethodCodeHeapSize                   = 5832780                                {pd product} {ergonomic}
    uintx NonProfiledCodeHeapSize                  = 122912730                              {pd product} {ergonomic}
    uintx ProfiledCodeHeapSize                     = 122912730                              {pd product} {ergonomic}
    uintx ReservedCodeCacheSize                    = 251658240                              {pd product} {ergonomic}
     bool SegmentedCodeCache                       = true                                      {product} {ergonomic}
     bool ShowCodeDetailsInExceptionMessages       = true                                   {manageable} {command line}
   size_t SoftMaxHeapSize                          = 2116026368                             {manageable} {ergonomic}
     bool UseCompressedClassPointers               = true                           {product lp64_product} {ergonomic}
     bool UseCompressedOops                        = true                           {product lp64_product} {ergonomic}
     bool UseG1GC                                  = true                                      {product} {ergonomic}
     bool UseLargePagesIndividualAllocation        = false                                  {pd product} {ergonomic}

Logging:
Log output configuration:
 #0: stdout all=warning uptime,level,tags
 #1: stderr all=off uptime,level,tags

Environment Variables:
JAVA_HOME=S:\Java\jdk-17
PATH=C:\Program Files (x86)\VMware\VMware Workstation\bin\;C:\Program Files\Common Files\Oracle\Java\javapath;C:\Windows\system32;C:\Windows;C:\Windows\System32\Wbem;C:\Windows\System32\WindowsPowerShell\v1.0\;C:\Windows\System32\OpenSSH\;C:\Program Files\Java\jdk-20\bin;C:\Program Files (x86)\Microsoft SQL Server\100\Tools\Binn\;C:\Program Files\Microsoft SQL Server\100\Tools\Binn\;C:\Program Files\Microsoft SQL Server\100\DTS\Binn\;D:\runtime\win64;D:\bin;C:\ProgramData\ComposerSetup\bin;C:\laragon\bin\php\php-8.3.16-Win32-vs16-x64;C:\Program Files\nodejs\;C:\ProgramData\chocolatey\bin;C:\Program Files\Java\jdk-19\bin;C:\Program Files\Docker\Docker\resources\bin;C:\Program Files\Git\cmd;C:\Program Files (x86)\webdriver;S:\Java\jdk-17\bin;C:\Program Files\CMake\bin;S:\cyber\New folder\Scripts\;S:\cyber\New folder\;C:\Users\dell\AppData\Local\Programs\Python\Launcher\;C:\Users\dell\.config\herd-lite\bin;C:\Users\dell\AppData\Local\Microsoft\WindowsApps;;C:\Users\dell\AppData\Roaming\Composer\vendor\bin;C:\Users\dell\AppData\Roaming\npm;D:\Microsoft VS Code\bin
USERNAME=dell
LANG=en_US.UTF-8
OS=Windows_NT
PROCESSOR_IDENTIFIER=Intel64 Family 6 Model 142 Stepping 9, GenuineIntel



---------------  S Y S T E M  ---------------

OS:
 Windows 10 , 64 bit Build 19041 (10.0.19041.5915)
OS uptime: 0 days 1:52 hours
Hyper-V role detected

CPU: total 4 (initial active 4) (2 cores per cpu, 2 threads per core) family 6 model 142 stepping 9 microcode 0xf6, cx8, cmov, fxsr, ht, mmx, 3dnowpref, sse, sse2, sse3, ssse3, sse4.1, sse4.2, popcnt, lzcnt, tsc, tscinvbit, avx, avx2, aes, erms, clmul, bmi1, bmi2, rtm, adx, fma, vzeroupper, clflush, clflushopt, hv

Memory: 4k page, system-wide physical 8068M (1278M free)
TotalPageFile size 10958M (AvailPageFile size 35M)
current process WorkingSet (physical memory assigned to process): 10M, peak: 10M
current process commit charge ("private bytes"): 52M, peak: 179M

vm_info: Java HotSpot(TM) 64-Bit Server VM (17.0.12+8-LTS-286) for windows-amd64 JRE (17.0.12+8-LTS-286), built on Jun  5 2024 06:46:59 by "mach5one" with MS VC++ 17.6 (VS2022)

END.
