#
# There is insufficient memory for the Java Runtime Environment to continue.
# Native memory allocation (malloc) failed to allocate 1099216 bytes. Error detail: Chunk::new
# Possible reasons:
#   The system is out of physical RAM or swap space
#   This process is running with CompressedOops enabled, and the Java Heap may be blocking the growth of the native heap
# Possible solutions:
#   Reduce memory load on the system
#   Increase physical memory or swap space
#   Check if swap backing store is full
#   Decrease Java heap size (-Xmx/-Xms)
#   Decrease number of Java threads
#   Decrease Java thread stack sizes (-Xss)
#   Set larger code cache with -XX:ReservedCodeCacheSize=
#   JVM is running with Unscaled Compressed Oops mode in which the Java heap is
#     placed in the first 4GB address space. The Java Heap base address is the
#     maximum limit for the native heap growth. Please use -XX:HeapBaseMinAddress
#     to set the Java Heap base and to place the Java Heap above 4GB virtual address.
# This output file may be truncated or incomplete.
#
#  Out of Memory Error (arena.cpp:168), pid=5792, tid=3084
#
# JRE version: OpenJDK Runtime Environment Temurin-21.0.8+9 (21.0.8+9) (build 21.0.8+9-LTS)
# Java VM: OpenJDK 64-Bit Server VM Temurin-21.0.8+9 (21.0.8+9-LTS, mixed mode, sharing, tiered, compressed oops, compressed class ptrs, parallel gc, windows-amd64)
# No core dump will be written. Minidumps are not enabled by default on client versions of Windows
#

---------------  S U M M A R Y ------------

Command Line: --add-modules=ALL-SYSTEM --add-opens=java.base/java.util=ALL-UNNAMED --add-opens=java.base/java.lang=ALL-UNNAMED --add-opens=java.base/sun.nio.fs=ALL-UNNAMED -Declipse.application=org.eclipse.jdt.ls.core.id1 -Dosgi.bundles.defaultStartLevel=4 -Declipse.product=org.eclipse.jdt.ls.core.product -Djava.import.generatesMetadataFilesAtProjectRoot=false -DDetectVMInstallationsJob.disabled=true -Dfile.encoding=utf8 -XX:+UseParallelGC -XX:GCTimeRatio=4 -XX:AdaptiveSizePolicyWeight=90 -Dsun.zip.disableMemoryMapping=true -Xmx2G -Xms100m -Xlog:disable -javaagent:c:\Users\dell\.vscode\extensions\redhat.java-1.45.0-win32-x64\lombok\lombok-1.18.39-4050.jar c:\Users\dell\.vscode\extensions\redhat.java-1.45.0-win32-x64\server\plugins\org.eclipse.equinox.launcher_1.7.0.v20250519-0528.jar -configuration c:\Users\dell\AppData\Roaming\Code\User\globalStorage\redhat.java\1.45.0\config_ss_win -data c:\Users\dell\AppData\Roaming\Code\User\workspaceStorage\5e95045cd993ac5bf9ff0eb863561a1c\redhat.java\ss_ws --pipe=\\.\pipe\lsp-fa7f55695918878a1a0f38c09e859bb4-sock

Host: Intel(R) Core(TM) i5-7300U CPU @ 2.60GHz, 4 cores, 7G,  Windows 10 , 64 bit Build 19041 (10.0.19041.5915)
Time: Thu Sep 11 10:53:14 2025 SE Asia Standard Time elapsed time: 4.173422 seconds (0d 0h 0m 4s)

---------------  T H R E A D  ---------------

Current thread (0x000001f127522830):  JavaThread "C2 CompilerThread0" daemon [_thread_in_native, id=3084, stack(0x000000cd38b00000,0x000000cd38c00000) (1024K)]


Current CompileTask:
C2:4173 2834       4       org.lombokweb.asm.ClassReader::readMethod (1070 bytes)

Stack: [0x000000cd38b00000,0x000000cd38c00000]
Native frames: (J=compiled Java code, j=interpreted, Vv=VM code, C=native code)
V  [jvm.dll+0x6d2449]
V  [jvm.dll+0x8ae341]
V  [jvm.dll+0x8b08be]
V  [jvm.dll+0x8b0fa3]
V  [jvm.dll+0x280c96]
V  [jvm.dll+0xc581d]
V  [jvm.dll+0xc5d53]
V  [jvm.dll+0x3b9162]
V  [jvm.dll+0x385315]
V  [jvm.dll+0x38477a]
V  [jvm.dll+0x248ed0]
V  [jvm.dll+0x2484af]
V  [jvm.dll+0x1c89ee]
V  [jvm.dll+0x257d4d]
V  [jvm.dll+0x2562ea]
V  [jvm.dll+0x3f2d16]
V  [jvm.dll+0x857e6b]
V  [jvm.dll+0x6d0b0d]
C  [ucrtbase.dll+0x21bb2]
C  [KERNEL32.DLL+0x17374]
C  [ntdll.dll+0x4cc91]


---------------  P R O C E S S  ---------------

Threads class SMR info:
_java_thread_list=0x000001f16e513ed0, length=23, elements={
0x000001f10e917150, 0x000001f127519050, 0x000001f12751a1b0, 0x000001f12751c250,
0x000001f12751d160, 0x000001f127520fb0, 0x000001f127521a00, 0x000001f127522830,
0x000001f127548f80, 0x000001f169265ca0, 0x000001f1693d73b0, 0x000001f169495d20,
0x000001f169831000, 0x000001f169d691d0, 0x000001f16951e100, 0x000001f169b52c80,
0x000001f16e08d2a0, 0x000001f16e114100, 0x000001f16e3bca20, 0x000001f16e2fd2f0,
0x000001f169c83aa0, 0x000001f169c826f0, 0x000001f169c847c0
}

Java Threads: ( => current thread )
  0x000001f10e917150 JavaThread "main"                              [_thread_blocked, id=15092, stack(0x000000cd38000000,0x000000cd38100000) (1024K)]
  0x000001f127519050 JavaThread "Reference Handler"          daemon [_thread_blocked, id=12820, stack(0x000000cd38500000,0x000000cd38600000) (1024K)]
  0x000001f12751a1b0 JavaThread "Finalizer"                  daemon [_thread_blocked, id=8420, stack(0x000000cd38600000,0x000000cd38700000) (1024K)]
  0x000001f12751c250 JavaThread "Signal Dispatcher"          daemon [_thread_blocked, id=12708, stack(0x000000cd38700000,0x000000cd38800000) (1024K)]
  0x000001f12751d160 JavaThread "Attach Listener"            daemon [_thread_blocked, id=12180, stack(0x000000cd38800000,0x000000cd38900000) (1024K)]
  0x000001f127520fb0 JavaThread "Service Thread"             daemon [_thread_blocked, id=8184, stack(0x000000cd38900000,0x000000cd38a00000) (1024K)]
  0x000001f127521a00 JavaThread "Monitor Deflation Thread"   daemon [_thread_blocked, id=10764, stack(0x000000cd38a00000,0x000000cd38b00000) (1024K)]
=>0x000001f127522830 JavaThread "C2 CompilerThread0"         daemon [_thread_in_native, id=3084, stack(0x000000cd38b00000,0x000000cd38c00000) (1024K)]
  0x000001f127548f80 JavaThread "C1 CompilerThread0"         daemon [_thread_blocked, id=7904, stack(0x000000cd38c00000,0x000000cd38d00000) (1024K)]
  0x000001f169265ca0 JavaThread "Common-Cleaner"             daemon [_thread_blocked, id=9632, stack(0x000000cd38d00000,0x000000cd38e00000) (1024K)]
  0x000001f1693d73b0 JavaThread "C2 CompilerThread1"         daemon [_thread_in_native, id=8372, stack(0x000000cd38e00000,0x000000cd38f00000) (1024K)]
  0x000001f169495d20 JavaThread "Notification Thread"        daemon [_thread_blocked, id=16336, stack(0x000000cd38f00000,0x000000cd39000000) (1024K)]
  0x000001f169831000 JavaThread "Active Thread: Equinox Container: 858eed37-1850-46fb-9404-5140e3d031a5"        [_thread_blocked, id=7576, stack(0x000000cd39300000,0x000000cd39400000) (1024K)]
  0x000001f169d691d0 JavaThread "Framework Event Dispatcher: Equinox Container: 858eed37-1850-46fb-9404-5140e3d031a5" daemon [_thread_blocked, id=7184, stack(0x000000cd39400000,0x000000cd39500000) (1024K)]
  0x000001f16951e100 JavaThread "Start Level: Equinox Container: 858eed37-1850-46fb-9404-5140e3d031a5" daemon [_thread_in_Java, id=14852, stack(0x000000cd39500000,0x000000cd39600000) (1024K)]
  0x000001f169b52c80 JavaThread "SCR Component Actor"        daemon [_thread_blocked, id=11132, stack(0x000000cd39600000,0x000000cd39700000) (1024K)]
  0x000001f16e08d2a0 JavaThread "SCR Component Registry"     daemon [_thread_blocked, id=11304, stack(0x000000cd39700000,0x000000cd39800000) (1024K)]
  0x000001f16e114100 JavaThread "Worker-JM"                         [_thread_blocked, id=13576, stack(0x000000cd39800000,0x000000cd39900000) (1024K)]
  0x000001f16e3bca20 JavaThread "JNA Cleaner"                daemon [_thread_blocked, id=14744, stack(0x000000cd39900000,0x000000cd39a00000) (1024K)]
  0x000001f16e2fd2f0 JavaThread "Worker-0"                          [_thread_blocked, id=12448, stack(0x000000cd39a00000,0x000000cd39b00000) (1024K)]
  0x000001f169c83aa0 JavaThread "Worker-1: Processing Java changes since last activation"        [_thread_blocked, id=4340, stack(0x000000cd39b00000,0x000000cd39c00000) (1024K)]
  0x000001f169c826f0 JavaThread "Worker-2: Building"                [_thread_in_vm, id=12396, stack(0x000000cd39c00000,0x000000cd39d00000) (1024K)]
  0x000001f169c847c0 JavaThread "Java indexing"              daemon [_thread_blocked, id=12920, stack(0x000000cd39d00000,0x000000cd39e00000) (1024K)]
Total: 23

Other Threads:
  0x000001f12750e110 VMThread "VM Thread"                           [id=1604, stack(0x000000cd38400000,0x000000cd38500000) (1024K)]
  0x000001f110bac600 WatcherThread "VM Periodic Task Thread"        [id=1184, stack(0x000000cd38300000,0x000000cd38400000) (1024K)]
  0x000001f110b5fc20 WorkerThread "GC Thread#0"                     [id=8900, stack(0x000000cd38200000,0x000000cd38300000) (1024K)]
  0x000001f169867960 WorkerThread "GC Thread#1"                     [id=5324, stack(0x000000cd39000000,0x000000cd39100000) (1024K)]
  0x000001f1699cd330 WorkerThread "GC Thread#2"                     [id=5828, stack(0x000000cd39100000,0x000000cd39200000) (1024K)]
  0x000001f169b40620 WorkerThread "GC Thread#3"                     [id=13156, stack(0x000000cd39200000,0x000000cd39300000) (1024K)]
Total: 6

Threads with active compile tasks:
C2 CompilerThread0  4210 2834       4       org.lombokweb.asm.ClassReader::readMethod (1070 bytes)
C2 CompilerThread1  4210 2900       4       lombok.patcher.PatchScript$MethodPatcher::visitMethod (158 bytes)
Total: 2

VM state: not at safepoint (normal execution)

VM Mutex/Monitor currently owned by a thread:  ([mutex/lock_event])
[0x00007ffffff05358] CodeCache_lock - owner thread: 0x0000000000000000

Heap address: 0x0000000080000000, size: 2048 MB, Compressed Oops mode: 32-bit

CDS archive(s) mapped at: [0x000001f128000000-0x000001f128ba0000-0x000001f128ba0000), size 12189696, SharedBaseAddress: 0x000001f128000000, ArchiveRelocationMode: 1.
Compressed class space mapped at: 0x000001f129000000-0x000001f169000000, reserved size: 1073741824
Narrow klass base: 0x000001f128000000, Narrow klass shift: 0, Narrow klass range: 0x100000000

GC Precious Log:
 CardTable entry size: 512
 CPUs: 4 total, 4 available
 Memory: 8068M
 Large Page Support: Disabled
 NUMA Support: Disabled
 Compressed Oops: Enabled (32-bit)
 Alignments: Space 512K, Generation 512K, Heap 2M
 Heap Min Capacity: 100M
 Heap Initial Capacity: 100M
 Heap Max Capacity: 2G
 Pre-touch: Disabled
 Parallel Workers: 4

Heap:
 PSYoungGen      total 27136K, used 3658K [0x00000000d5580000, 0x00000000d7480000, 0x0000000100000000)
  eden space 24576K, 4% used [0x00000000d5580000,0x00000000d56b1e60,0x00000000d6d80000)
  from space 2560K, 95% used [0x00000000d6e80000,0x00000000d70e0b48,0x00000000d7100000)
  to   space 3584K, 0% used [0x00000000d7100000,0x00000000d7100000,0x00000000d7480000)
 ParOldGen       total 68608K, used 9015K [0x0000000080000000, 0x0000000084300000, 0x00000000d5580000)
  object space 68608K, 13% used [0x0000000080000000,0x00000000808cdf28,0x0000000084300000)
 Metaspace       used 23173K, committed 23872K, reserved 1114112K
  class space    used 2245K, committed 2560K, reserved 1048576K

Card table byte_map: [0x000001f1104f0000,0x000001f110900000] _byte_map_base: 0x000001f1100f0000

Marking Bits: (ParMarkBitMap*) 0x00007ffffff0a340
 Begin Bits: [0x000001f122ff0000, 0x000001f124ff0000)
 End Bits:   [0x000001f124ff0000, 0x000001f126ff0000)

Polling page: 0x000001f10ea10000

Metaspace:

Usage:
  Non-class:     20.44 MB used.
      Class:      2.19 MB used.
       Both:     22.63 MB used.

Virtual space:
  Non-class space:       64.00 MB reserved,      20.81 MB ( 33%) committed,  1 nodes.
      Class space:        1.00 GB reserved,       2.50 MB ( <1%) committed,  1 nodes.
             Both:        1.06 GB reserved,      23.31 MB (  2%) committed. 

Chunk freelists:
   Non-Class:  11.19 MB
       Class:  13.40 MB
        Both:  24.59 MB

MaxMetaspaceSize: unlimited
CompressedClassSpaceSize: 1.00 GB
Initial GC threshold: 21.00 MB
Current GC threshold: 35.00 MB
CDS: on
 - commit_granule_bytes: 65536.
 - commit_granule_words: 8192.
 - virtual_space_node_default_size: 8388608.
 - enlarge_chunks_in_place: 1.
 - use_allocation_guard: 0.


Internal statistics:

num_allocs_failed_limit: 3.
num_arena_births: 490.
num_arena_deaths: 14.
num_vsnodes_births: 2.
num_vsnodes_deaths: 0.
num_space_committed: 373.
num_space_uncommitted: 0.
num_chunks_returned_to_freelist: 17.
num_chunks_taken_from_freelist: 1361.
num_chunk_merges: 8.
num_chunk_splits: 877.
num_chunks_enlarged: 580.
num_inconsistent_stats: 0.

CodeHeap 'non-profiled nmethods': size=120000Kb used=1286Kb max_used=1286Kb free=118713Kb
 bounds [0x000001f11b810000, 0x000001f11ba80000, 0x000001f122d40000]
CodeHeap 'profiled nmethods': size=120000Kb used=5936Kb max_used=5936Kb free=114063Kb
 bounds [0x000001f113d40000, 0x000001f114310000, 0x000001f11b270000]
CodeHeap 'non-nmethods': size=5760Kb used=1319Kb max_used=1387Kb free=4440Kb
 bounds [0x000001f11b270000, 0x000001f11b4e0000, 0x000001f11b810000]
CodeCache: size=245760Kb, used=8541Kb, max_used=8609Kb, free=237216Kb
 total_blobs=3564, nmethods=2959, adapters=511, full_count=0
Compilation: enabled, stopped_count=0, restarted_count=0

Compilation events (20 events):
Event: 4.146 Thread 0x000001f127548f80 2948       3       com.sun.org.apache.xerces.internal.utils.XMLSecurityManager::isOverLimit (111 bytes)
Event: 4.147 Thread 0x000001f127548f80 nmethod 2948 0x000001f114304590 code [0x000001f1143047a0, 0x000001f114304d70]
Event: 4.154 Thread 0x000001f127548f80 2949       3       java.lang.invoke.MemberName::asSpecial (89 bytes)
Event: 4.155 Thread 0x000001f127548f80 nmethod 2949 0x000001f114305010 code [0x000001f1143052e0, 0x000001f114305f48]
Event: 4.157 Thread 0x000001f127548f80 2950       3       java.lang.AbstractStringBuilder::appendChars (130 bytes)
Event: 4.158 Thread 0x000001f127548f80 nmethod 2950 0x000001f114306390 code [0x000001f1143065a0, 0x000001f114306b00]
Event: 4.158 Thread 0x000001f127548f80 2951       3       java.nio.Buffer::position (52 bytes)
Event: 4.159 Thread 0x000001f127548f80 nmethod 2951 0x000001f114306d90 code [0x000001f114306f40, 0x000001f114307198]
Event: 4.159 Thread 0x000001f127548f80 2952       3       java.lang.Character::isJavaIdentifierPart (9 bytes)
Event: 4.159 Thread 0x000001f127548f80 nmethod 2952 0x000001f114307290 code [0x000001f114307440, 0x000001f114307638]
Event: 4.159 Thread 0x000001f127548f80 2953       3       java.lang.CharacterDataLatin1::isJavaIdentifierPart (20 bytes)
Event: 4.159 Thread 0x000001f127548f80 nmethod 2953 0x000001f114307710 code [0x000001f1143078c0, 0x000001f114307ac8]
Event: 4.159 Thread 0x000001f127548f80 2954       3       jdk.internal.misc.Unsafe::getLongUnaligned (12 bytes)
Event: 4.160 Thread 0x000001f127548f80 nmethod 2954 0x000001f114307c10 code [0x000001f114307dc0, 0x000001f114307fa0]
Event: 4.160 Thread 0x000001f127548f80 2955       3       java.lang.AbstractStringBuilder::setLength (82 bytes)
Event: 4.161 Thread 0x000001f127548f80 nmethod 2955 0x000001f114308090 code [0x000001f1143082a0, 0x000001f1143087a0]
Event: 4.161 Thread 0x000001f127548f80 2956       3       java.lang.AbstractStringBuilder::append (37 bytes)
Event: 4.161 Thread 0x000001f127548f80 nmethod 2956 0x000001f114308990 code [0x000001f114308b60, 0x000001f114308e60]
Event: 4.163 Thread 0x000001f127548f80 2957       3       java.lang.StringBuilder::setLength (6 bytes)
Event: 4.163 Thread 0x000001f127548f80 nmethod 2957 0x000001f114309010 code [0x000001f1143091c0, 0x000001f114309300]

GC Heap History (14 events):
Event: 1.083 GC heap before
{Heap before GC invocations=1 (full 0):
 PSYoungGen      total 29696K, used 25600K [0x00000000d5580000, 0x00000000d7680000, 0x0000000100000000)
  eden space 25600K, 100% used [0x00000000d5580000,0x00000000d6e80000,0x00000000d6e80000)
  from space 4096K, 0% used [0x00000000d7280000,0x00000000d7280000,0x00000000d7680000)
  to   space 4096K, 0% used [0x00000000d6e80000,0x00000000d6e80000,0x00000000d7280000)
 ParOldGen       total 68608K, used 0K [0x0000000080000000, 0x0000000084300000, 0x00000000d5580000)
  object space 68608K, 0% used [0x0000000080000000,0x0000000080000000,0x0000000084300000)
 Metaspace       used 4321K, committed 4608K, reserved 1114112K
  class space    used 472K, committed 576K, reserved 1048576K
}
Event: 1.092 GC heap after
{Heap after GC invocations=1 (full 0):
 PSYoungGen      total 29696K, used 3319K [0x00000000d5580000, 0x00000000d7680000, 0x0000000100000000)
  eden space 25600K, 0% used [0x00000000d5580000,0x00000000d5580000,0x00000000d6e80000)
  from space 4096K, 81% used [0x00000000d6e80000,0x00000000d71bde08,0x00000000d7280000)
  to   space 4096K, 0% used [0x00000000d7280000,0x00000000d7280000,0x00000000d7680000)
 ParOldGen       total 68608K, used 16K [0x0000000080000000, 0x0000000084300000, 0x00000000d5580000)
  object space 68608K, 0% used [0x0000000080000000,0x0000000080004000,0x0000000084300000)
 Metaspace       used 4321K, committed 4608K, reserved 1114112K
  class space    used 472K, committed 576K, reserved 1048576K
}
Event: 2.176 GC heap before
{Heap before GC invocations=2 (full 0):
 PSYoungGen      total 29696K, used 28919K [0x00000000d5580000, 0x00000000d7680000, 0x0000000100000000)
  eden space 25600K, 100% used [0x00000000d5580000,0x00000000d6e80000,0x00000000d6e80000)
  from space 4096K, 81% used [0x00000000d6e80000,0x00000000d71bde08,0x00000000d7280000)
  to   space 4096K, 0% used [0x00000000d7280000,0x00000000d7280000,0x00000000d7680000)
 ParOldGen       total 68608K, used 16K [0x0000000080000000, 0x0000000084300000, 0x00000000d5580000)
  object space 68608K, 0% used [0x0000000080000000,0x0000000080004000,0x0000000084300000)
 Metaspace       used 8125K, committed 8320K, reserved 1114112K
  class space    used 865K, committed 960K, reserved 1048576K
}
Event: 2.182 GC heap after
{Heap after GC invocations=2 (full 0):
 PSYoungGen      total 29696K, used 4075K [0x00000000d5580000, 0x00000000d7680000, 0x0000000100000000)
  eden space 25600K, 0% used [0x00000000d5580000,0x00000000d5580000,0x00000000d6e80000)
  from space 4096K, 99% used [0x00000000d7280000,0x00000000d767af70,0x00000000d7680000)
  to   space 4096K, 0% used [0x00000000d6e80000,0x00000000d6e80000,0x00000000d7280000)
 ParOldGen       total 68608K, used 917K [0x0000000080000000, 0x0000000084300000, 0x00000000d5580000)
  object space 68608K, 1% used [0x0000000080000000,0x00000000800e56b8,0x0000000084300000)
 Metaspace       used 8125K, committed 8320K, reserved 1114112K
  class space    used 865K, committed 960K, reserved 1048576K
}
Event: 2.739 GC heap before
{Heap before GC invocations=3 (full 0):
 PSYoungGen      total 29696K, used 29675K [0x00000000d5580000, 0x00000000d7680000, 0x0000000100000000)
  eden space 25600K, 100% used [0x00000000d5580000,0x00000000d6e80000,0x00000000d6e80000)
  from space 4096K, 99% used [0x00000000d7280000,0x00000000d767af70,0x00000000d7680000)
  to   space 4096K, 0% used [0x00000000d6e80000,0x00000000d6e80000,0x00000000d7280000)
 ParOldGen       total 68608K, used 917K [0x0000000080000000, 0x0000000084300000, 0x00000000d5580000)
  object space 68608K, 1% used [0x0000000080000000,0x00000000800e56b8,0x0000000084300000)
 Metaspace       used 12914K, committed 13440K, reserved 1114112K
  class space    used 1369K, committed 1600K, reserved 1048576K
}
Event: 2.747 GC heap after
{Heap after GC invocations=3 (full 0):
 PSYoungGen      total 29696K, used 4069K [0x00000000d5580000, 0x00000000d7680000, 0x0000000100000000)
  eden space 25600K, 0% used [0x00000000d5580000,0x00000000d5580000,0x00000000d6e80000)
  from space 4096K, 99% used [0x00000000d6e80000,0x00000000d72796e0,0x00000000d7280000)
  to   space 4096K, 0% used [0x00000000d7280000,0x00000000d7280000,0x00000000d7680000)
 ParOldGen       total 68608K, used 2716K [0x0000000080000000, 0x0000000084300000, 0x00000000d5580000)
  object space 68608K, 3% used [0x0000000080000000,0x00000000802a7390,0x0000000084300000)
 Metaspace       used 12914K, committed 13440K, reserved 1114112K
  class space    used 1369K, committed 1600K, reserved 1048576K
}
Event: 3.302 GC heap before
{Heap before GC invocations=4 (full 0):
 PSYoungGen      total 29696K, used 29669K [0x00000000d5580000, 0x00000000d7680000, 0x0000000100000000)
  eden space 25600K, 100% used [0x00000000d5580000,0x00000000d6e80000,0x00000000d6e80000)
  from space 4096K, 99% used [0x00000000d6e80000,0x00000000d72796e0,0x00000000d7280000)
  to   space 4096K, 0% used [0x00000000d7280000,0x00000000d7280000,0x00000000d7680000)
 ParOldGen       total 68608K, used 2716K [0x0000000080000000, 0x0000000084300000, 0x00000000d5580000)
  object space 68608K, 3% used [0x0000000080000000,0x00000000802a7390,0x0000000084300000)
 Metaspace       used 16948K, committed 17536K, reserved 1114112K
  class space    used 1775K, committed 2048K, reserved 1048576K
}
Event: 3.308 GC heap after
{Heap after GC invocations=4 (full 0):
 PSYoungGen      total 29696K, used 4070K [0x00000000d5580000, 0x00000000d7680000, 0x0000000100000000)
  eden space 25600K, 0% used [0x00000000d5580000,0x00000000d5580000,0x00000000d6e80000)
  from space 4096K, 99% used [0x00000000d7280000,0x00000000d76799f0,0x00000000d7680000)
  to   space 4096K, 0% used [0x00000000d6e80000,0x00000000d6e80000,0x00000000d7280000)
 ParOldGen       total 68608K, used 4691K [0x0000000080000000, 0x0000000084300000, 0x00000000d5580000)
  object space 68608K, 6% used [0x0000000080000000,0x0000000080494ef8,0x0000000084300000)
 Metaspace       used 16948K, committed 17536K, reserved 1114112K
  class space    used 1775K, committed 2048K, reserved 1048576K
}
Event: 3.629 GC heap before
{Heap before GC invocations=5 (full 0):
 PSYoungGen      total 29696K, used 29670K [0x00000000d5580000, 0x00000000d7680000, 0x0000000100000000)
  eden space 25600K, 100% used [0x00000000d5580000,0x00000000d6e80000,0x00000000d6e80000)
  from space 4096K, 99% used [0x00000000d7280000,0x00000000d76799f0,0x00000000d7680000)
  to   space 4096K, 0% used [0x00000000d6e80000,0x00000000d6e80000,0x00000000d7280000)
 ParOldGen       total 68608K, used 4691K [0x0000000080000000, 0x0000000084300000, 0x00000000d5580000)
  object space 68608K, 6% used [0x0000000080000000,0x0000000080494ef8,0x0000000084300000)
 Metaspace       used 20151K, committed 20800K, reserved 1114112K
  class space    used 1994K, committed 2304K, reserved 1048576K
}
Event: 3.638 GC heap after
{Heap after GC invocations=5 (full 0):
 PSYoungGen      total 29184K, used 4076K [0x00000000d5580000, 0x00000000d7800000, 0x0000000100000000)
  eden space 25088K, 0% used [0x00000000d5580000,0x00000000d5580000,0x00000000d6e00000)
  from space 4096K, 99% used [0x00000000d6e80000,0x00000000d727b298,0x00000000d7280000)
  to   space 5120K, 0% used [0x00000000d7300000,0x00000000d7300000,0x00000000d7800000)
 ParOldGen       total 68608K, used 4872K [0x0000000080000000, 0x0000000084300000, 0x00000000d5580000)
  object space 68608K, 7% used [0x0000000080000000,0x00000000804c2338,0x0000000084300000)
 Metaspace       used 20151K, committed 20800K, reserved 1114112K
  class space    used 1994K, committed 2304K, reserved 1048576K
}
Event: 3.696 GC heap before
{Heap before GC invocations=6 (full 0):
 PSYoungGen      total 29184K, used 10997K [0x00000000d5580000, 0x00000000d7800000, 0x0000000100000000)
  eden space 25088K, 27% used [0x00000000d5580000,0x00000000d5c42310,0x00000000d6e00000)
  from space 4096K, 99% used [0x00000000d6e80000,0x00000000d727b298,0x00000000d7280000)
  to   space 5120K, 0% used [0x00000000d7300000,0x00000000d7300000,0x00000000d7800000)
 ParOldGen       total 68608K, used 4872K [0x0000000080000000, 0x0000000084300000, 0x00000000d5580000)
  object space 68608K, 7% used [0x0000000080000000,0x00000000804c2338,0x0000000084300000)
 Metaspace       used 20879K, committed 21504K, reserved 1114112K
  class space    used 2053K, committed 2368K, reserved 1048576K
}
Event: 3.701 GC heap after
{Heap after GC invocations=6 (full 0):
 PSYoungGen      total 29696K, used 4473K [0x00000000d5580000, 0x00000000d7780000, 0x0000000100000000)
  eden space 25088K, 0% used [0x00000000d5580000,0x00000000d5580000,0x00000000d6e00000)
  from space 4608K, 97% used [0x00000000d7300000,0x00000000d775e618,0x00000000d7780000)
  to   space 4608K, 0% used [0x00000000d6e80000,0x00000000d6e80000,0x00000000d7300000)
 ParOldGen       total 68608K, used 4872K [0x0000000080000000, 0x0000000084300000, 0x00000000d5580000)
  object space 68608K, 7% used [0x0000000080000000,0x00000000804c2338,0x0000000084300000)
 Metaspace       used 20879K, committed 21504K, reserved 1114112K
  class space    used 2053K, committed 2368K, reserved 1048576K
}
Event: 3.701 GC heap before
{Heap before GC invocations=7 (full 1):
 PSYoungGen      total 29696K, used 4473K [0x00000000d5580000, 0x00000000d7780000, 0x0000000100000000)
  eden space 25088K, 0% used [0x00000000d5580000,0x00000000d5580000,0x00000000d6e00000)
  from space 4608K, 97% used [0x00000000d7300000,0x00000000d775e618,0x00000000d7780000)
  to   space 4608K, 0% used [0x00000000d6e80000,0x00000000d6e80000,0x00000000d7300000)
 ParOldGen       total 68608K, used 4872K [0x0000000080000000, 0x0000000084300000, 0x00000000d5580000)
  object space 68608K, 7% used [0x0000000080000000,0x00000000804c2338,0x0000000084300000)
 Metaspace       used 20879K, committed 21504K, reserved 1114112K
  class space    used 2053K, committed 2368K, reserved 1048576K
}
Event: 3.742 GC heap after
{Heap after GC invocations=7 (full 1):
 PSYoungGen      total 29696K, used 0K [0x00000000d5580000, 0x00000000d7780000, 0x0000000100000000)
  eden space 25088K, 0% used [0x00000000d5580000,0x00000000d5580000,0x00000000d6e00000)
  from space 4608K, 0% used [0x00000000d7300000,0x00000000d7300000,0x00000000d7780000)
  to   space 4608K, 0% used [0x00000000d6e80000,0x00000000d6e80000,0x00000000d7300000)
 ParOldGen       total 68608K, used 9007K [0x0000000080000000, 0x0000000084300000, 0x00000000d5580000)
  object space 68608K, 13% used [0x0000000080000000,0x00000000808cbf28,0x0000000084300000)
 Metaspace       used 20866K, committed 21504K, reserved 1114112K
  class space    used 2050K, committed 2368K, reserved 1048576K
}

Dll operation events (10 events):
Event: 0.029 Loaded shared library c:\Users\dell\.vscode\extensions\redhat.java-1.45.0-win32-x64\jre\21.0.8-win32-x86_64\bin\java.dll
Event: 0.165 Loaded shared library c:\Users\dell\.vscode\extensions\redhat.java-1.45.0-win32-x64\jre\21.0.8-win32-x86_64\bin\zip.dll
Event: 0.238 Loaded shared library C:\Users\dell\.vscode\extensions\redhat.java-1.45.0-win32-x64\jre\21.0.8-win32-x86_64\bin\instrument.dll
Event: 0.246 Loaded shared library C:\Users\dell\.vscode\extensions\redhat.java-1.45.0-win32-x64\jre\21.0.8-win32-x86_64\bin\net.dll
Event: 0.249 Loaded shared library C:\Users\dell\.vscode\extensions\redhat.java-1.45.0-win32-x64\jre\21.0.8-win32-x86_64\bin\nio.dll
Event: 0.254 Loaded shared library C:\Users\dell\.vscode\extensions\redhat.java-1.45.0-win32-x64\jre\21.0.8-win32-x86_64\bin\zip.dll
Event: 0.284 Loaded shared library C:\Users\dell\.vscode\extensions\redhat.java-1.45.0-win32-x64\jre\21.0.8-win32-x86_64\bin\jimage.dll
Event: 0.397 Loaded shared library c:\Users\dell\.vscode\extensions\redhat.java-1.45.0-win32-x64\jre\21.0.8-win32-x86_64\bin\verify.dll
Event: 2.157 Loaded shared library C:\Users\dell\AppData\Roaming\Code\User\globalStorage\redhat.java\1.45.0\config_ss_win\org.eclipse.equinox.launcher\org.eclipse.equinox.launcher.win32.win32.x86_64_1.2.1400.v20250801-0854\eclipse_11916.dll
Event: 3.122 Loaded shared library C:\Users\dell\AppData\Local\Temp\jna-3079617\jna5519339283868534105.dll

Deoptimization events (20 events):
Event: 3.327 Thread 0x000001f16951e100 DEOPT PACKING pc=0x000001f11b928100 sp=0x000000cd395ef680
Event: 3.327 Thread 0x000001f16951e100 DEOPT UNPACKING pc=0x000001f11b2c3aa2 sp=0x000000cd395ef668 mode 2
Event: 3.377 Thread 0x000001f16951e100 Uncommon trap: trap_request=0xffffff6e fr.pc=0x000001f11b92d29c relative=0x0000000000000c9c
Event: 3.378 Thread 0x000001f16951e100 Uncommon trap: reason=loop_limit_check action=maybe_recompile pc=0x000001f11b92d29c method=java.util.regex.Pattern$StartS.match(Ljava/util/regex/Matcher;ILjava/lang/CharSequence;)Z @ 34 c2
Event: 3.378 Thread 0x000001f16951e100 DEOPT PACKING pc=0x000001f11b92d29c sp=0x000000cd395ef1d0
Event: 3.378 Thread 0x000001f16951e100 DEOPT UNPACKING pc=0x000001f11b2c3aa2 sp=0x000000cd395ef140 mode 2
Event: 3.455 Thread 0x000001f16e2fd2f0 Uncommon trap: trap_request=0xffffffcc fr.pc=0x000001f11b937424 relative=0x0000000000000364
Event: 3.455 Thread 0x000001f16e2fd2f0 Uncommon trap: reason=intrinsic_or_type_checked_inlining action=make_not_entrant pc=0x000001f11b937424 method=java.util.Arrays.copyOf([Ljava/lang/Object;ILjava/lang/Class;)[Ljava/lang/Object; @ 35 c2
Event: 3.455 Thread 0x000001f16e2fd2f0 DEOPT PACKING pc=0x000001f11b937424 sp=0x000000cd39afeeb0
Event: 3.455 Thread 0x000001f16e2fd2f0 DEOPT UNPACKING pc=0x000001f11b2c3aa2 sp=0x000000cd39afee58 mode 2
Event: 3.657 Thread 0x000001f16951e100 Uncommon trap: trap_request=0xffffff45 fr.pc=0x000001f11b93ca04 relative=0x0000000000000164
Event: 3.657 Thread 0x000001f16951e100 Uncommon trap: reason=unstable_if action=reinterpret pc=0x000001f11b93ca04 method=org.lombokweb.asm.ByteVector.putByteArray([BII)Lorg/lombokweb/asm/ByteVector; @ 20 c2
Event: 3.657 Thread 0x000001f16951e100 DEOPT PACKING pc=0x000001f11b93ca04 sp=0x000000cd395eec20
Event: 3.657 Thread 0x000001f16951e100 DEOPT UNPACKING pc=0x000001f11b2c3aa2 sp=0x000000cd395eebf0 mode 2
Event: 3.657 Thread 0x000001f16951e100 Uncommon trap: trap_request=0xffffff45 fr.pc=0x000001f11b93bbd0 relative=0x0000000000000390
Event: 3.657 Thread 0x000001f16951e100 Uncommon trap: reason=unstable_if action=reinterpret pc=0x000001f11b93bbd0 method=org.lombokweb.asm.Label.resolve([BLorg/lombokweb/asm/ByteVector;I)Z @ 81 c2
Event: 3.657 Thread 0x000001f16951e100 DEOPT PACKING pc=0x000001f11b93bbd0 sp=0x000000cd395eecb0
Event: 3.657 Thread 0x000001f16951e100 DEOPT UNPACKING pc=0x000001f11b2c3aa2 sp=0x000000cd395eebb8 mode 2
Event: 3.765 Thread 0x000001f16951e100 DEOPT PACKING pc=0x000001f113e5adb9 sp=0x000000cd395f56a0
Event: 3.765 Thread 0x000001f16951e100 DEOPT UNPACKING pc=0x000001f11b2c4242 sp=0x000000cd395f4ba0 mode 0

Classes loaded (20 events):
Event: 4.159 Loading class com/sun/org/apache/xerces/internal/impl/msg/XMLSerializerMessages_en
Event: 4.159 Loading class com/sun/org/apache/xerces/internal/impl/msg/XMLSerializerMessages_en done
Event: 4.159 Loading class com/sun/org/apache/xerces/internal/impl/msg/XMLSerializerMessages_en
Event: 4.159 Loading class com/sun/org/apache/xerces/internal/impl/msg/XMLSerializerMessages_en done
Event: 4.159 Loading class com/sun/org/apache/xerces/internal/impl/msg/XMLSerializerMessages_en_ID
Event: 4.159 Loading class com/sun/org/apache/xerces/internal/impl/msg/XMLSerializerMessages_en_ID done
Event: 4.159 Loading class com/sun/org/apache/xerces/internal/impl/msg/XMLSerializerMessages_en_ID
Event: 4.159 Loading class com/sun/org/apache/xerces/internal/impl/msg/XMLSerializerMessages_en_ID done
Event: 4.159 Loading class com/sun/org/apache/xerces/internal/impl/msg/XMLMessages
Event: 4.159 Loading class com/sun/org/apache/xerces/internal/impl/msg/XMLMessages done
Event: 4.159 Loading class com/sun/org/apache/xerces/internal/impl/msg/XMLMessages
Event: 4.159 Loading class com/sun/org/apache/xerces/internal/impl/msg/XMLMessages done
Event: 4.162 Loading class com/sun/org/apache/xerces/internal/impl/msg/XMLMessages_en
Event: 4.162 Loading class com/sun/org/apache/xerces/internal/impl/msg/XMLMessages_en done
Event: 4.162 Loading class com/sun/org/apache/xerces/internal/impl/msg/XMLMessages_en
Event: 4.162 Loading class com/sun/org/apache/xerces/internal/impl/msg/XMLMessages_en done
Event: 4.163 Loading class com/sun/org/apache/xerces/internal/impl/msg/XMLMessages_en_ID
Event: 4.163 Loading class com/sun/org/apache/xerces/internal/impl/msg/XMLMessages_en_ID done
Event: 4.163 Loading class com/sun/org/apache/xerces/internal/impl/msg/XMLMessages_en_ID
Event: 4.163 Loading class com/sun/org/apache/xerces/internal/impl/msg/XMLMessages_en_ID done

Classes unloaded (7 events):
Event: 3.707 Thread 0x000001f12750e110 Unloading class 0x000001f12918c800 'java/lang/invoke/LambdaForm$MH+0x000001f12918c800'
Event: 3.707 Thread 0x000001f12750e110 Unloading class 0x000001f12918c400 'java/lang/invoke/LambdaForm$MH+0x000001f12918c400'
Event: 3.707 Thread 0x000001f12750e110 Unloading class 0x000001f12918c000 'java/lang/invoke/LambdaForm$MH+0x000001f12918c000'
Event: 3.707 Thread 0x000001f12750e110 Unloading class 0x000001f12918bc00 'java/lang/invoke/LambdaForm$MH+0x000001f12918bc00'
Event: 3.707 Thread 0x000001f12750e110 Unloading class 0x000001f12918b800 'java/lang/invoke/LambdaForm$BMH+0x000001f12918b800'
Event: 3.707 Thread 0x000001f12750e110 Unloading class 0x000001f12918b400 'java/lang/invoke/LambdaForm$DMH+0x000001f12918b400'
Event: 3.707 Thread 0x000001f12750e110 Unloading class 0x000001f12918a000 'java/lang/invoke/LambdaForm$DMH+0x000001f12918a000'

Classes redefined (0 events):
No events

Internal exceptions (20 events):
Event: 3.191 Thread 0x000001f16951e100 Exception <a 'java/lang/NoSuchMethodError'{0x00000000d6701a98}: 'int java.lang.invoke.DirectMethodHandle$Holder.invokeStaticInit(java.lang.Object, java.lang.Object, java.lang.Object)'> (0x00000000d6701a98) 
thrown [s\src\hotspot\share\interpreter\linkResolver.cpp, line 773]
Event: 3.199 Thread 0x000001f16951e100 Exception <a 'java/lang/IncompatibleClassChangeError'{0x00000000d6783d10}: Found class java.lang.Object, but interface was expected> (0x00000000d6783d10) 
thrown [s\src\hotspot\share\interpreter\linkResolver.cpp, line 840]
Event: 3.204 Thread 0x000001f16951e100 Exception <a 'java/lang/NoSuchMethodError'{0x00000000d6799878}: 'java.lang.Object java.lang.invoke.DirectMethodHandle$Holder.invokeSpecial(java.lang.Object, java.lang.Object, java.lang.Object, int, java.lang.Object, java.lang.Object)'> (0x00000000d6799878) 
thrown [s\src\hotspot\share\interpreter\linkResolver.cpp, line 773]
Event: 3.204 Thread 0x000001f16951e100 Exception <a 'java/lang/NoSuchMethodError'{0x00000000d67a13c8}: 'java.lang.Object java.lang.invoke.DirectMethodHandle$Holder.newInvokeSpecial(java.lang.Object, java.lang.Object, java.lang.Object, int, java.lang.Object)'> (0x00000000d67a13c8) 
thrown [s\src\hotspot\share\interpreter\linkResolver.cpp, line 773]
Event: 3.205 Thread 0x000001f16951e100 Exception <a 'java/lang/NoSuchMethodError'{0x00000000d67a5388}: 'java.lang.Object java.lang.invoke.DirectMethodHandle$Holder.invokeSpecial(java.lang.Object, java.lang.Object, java.lang.Object, java.lang.Object, int, java.lang.Object)'> (0x00000000d67a5388) 
thrown [s\src\hotspot\share\interpreter\linkResolver.cpp, line 773]
Event: 3.205 Thread 0x000001f16951e100 Exception <a 'java/lang/NoSuchMethodError'{0x00000000d67a8ec8}: 'java.lang.Object java.lang.invoke.Invokers$Holder.linkToTargetMethod(java.lang.Object, java.lang.Object, int, java.lang.Object, java.lang.Object)'> (0x00000000d67a8ec8) 
thrown [s\src\hotspot\share\interpreter\linkResolver.cpp, line 773]
Event: 3.205 Thread 0x000001f16e2fd2f0 Exception <a 'java/lang/NoSuchMethodError'{0x00000000d66e41b0}: 'java.lang.Object java.lang.invoke.DirectMethodHandle$Holder.invokeSpecial(java.lang.Object, java.lang.Object, int, java.lang.Object, java.lang.Object)'> (0x00000000d66e41b0) 
thrown [s\src\hotspot\share\interpreter\linkResolver.cpp, line 773]
Event: 3.206 Thread 0x000001f16e2fd2f0 Exception <a 'java/lang/NoSuchMethodError'{0x00000000d66eaee8}: 'java.lang.Object java.lang.invoke.DirectMethodHandle$Holder.newInvokeSpecial(java.lang.Object, java.lang.Object, int, java.lang.Object)'> (0x00000000d66eaee8) 
thrown [s\src\hotspot\share\interpreter\linkResolver.cpp, line 773]
Event: 3.207 Thread 0x000001f16e2fd2f0 Exception <a 'java/lang/NoSuchMethodError'{0x00000000d66ee808}: 'java.lang.Object java.lang.invoke.DirectMethodHandle$Holder.invokeSpecial(java.lang.Object, java.lang.Object, java.lang.Object, int, java.lang.Object)'> (0x00000000d66ee808) 
thrown [s\src\hotspot\share\interpreter\linkResolver.cpp, line 773]
Event: 3.224 Thread 0x000001f16951e100 Exception <a 'java/lang/NoSuchMethodError'{0x00000000d68be5d0}: 'void java.lang.invoke.DirectMethodHandle$Holder.invokeSpecial(java.lang.Object, java.lang.Object, java.lang.Object, java.lang.Object, java.lang.Object)'> (0x00000000d68be5d0) 
thrown [s\src\hotspot\share\interpreter\linkResolver.cpp, line 773]
Event: 3.231 Thread 0x000001f16e2fd2f0 Exception <a 'java/lang/NoSuchMethodError'{0x00000000d691b510}: 'java.lang.Object java.lang.invoke.DirectMethodHandle$Holder.newInvokeSpecial(java.lang.Object, java.lang.Object, java.lang.Object, java.lang.Object, java.lang.Object)'> (0x00000000d691b510) 
thrown [s\src\hotspot\share\interpreter\linkResolver.cpp, line 773]
Event: 3.255 Thread 0x000001f16951e100 Exception <a 'java/lang/NoSuchMethodError'{0x00000000d6ad37b8}: 'double java.lang.invoke.DirectMethodHandle$Holder.invokeStatic(java.lang.Object, java.lang.Object)'> (0x00000000d6ad37b8) 
thrown [s\src\hotspot\share\interpreter\linkResolver.cpp, line 773]
Event: 3.255 Thread 0x000001f16951e100 Exception <a 'java/lang/NoSuchMethodError'{0x00000000d6ad6e78}: 'double java.lang.invoke.DirectMethodHandle$Holder.invokeStaticInit(java.lang.Object, java.lang.Object)'> (0x00000000d6ad6e78) 
thrown [s\src\hotspot\share\interpreter\linkResolver.cpp, line 773]
Event: 3.447 Thread 0x000001f16951e100 Exception <a 'java/io/FileNotFoundException'{0x00000000d6265868}> (0x00000000d6265868) 
thrown [s\src\hotspot\share\prims\jni.cpp, line 520]
Event: 3.448 Thread 0x000001f16951e100 Exception <a 'java/io/FileNotFoundException'{0x00000000d6266690}> (0x00000000d6266690) 
thrown [s\src\hotspot\share\prims\jni.cpp, line 520]
Event: 3.448 Thread 0x000001f16951e100 Exception <a 'java/io/FileNotFoundException'{0x00000000d62675c0}> (0x00000000d62675c0) 
thrown [s\src\hotspot\share\prims\jni.cpp, line 520]
Event: 3.657 Thread 0x000001f16951e100 Implicit null exception at 0x000001f11b93c8f5 to 0x000001f11b93c9e8
Event: 4.155 Thread 0x000001f16951e100 Exception <a 'java/lang/ClassNotFoundException'{0x00000000d6c204e0}: com/sun/org/apache/xerces/internal/impl/msg/spi/DOMMessagesProvider> (0x00000000d6c204e0) 
thrown [s\src\hotspot\share\classfile\systemDictionary.cpp, line 312]
Event: 4.158 Thread 0x000001f16951e100 Exception <a 'java/lang/ClassNotFoundException'{0x00000000d6c3b768}: com/sun/org/apache/xerces/internal/impl/msg/spi/XMLSerializerMessagesProvider> (0x00000000d6c3b768) 
thrown [s\src\hotspot\share\classfile\systemDictionary.cpp, line 312]
Event: 4.159 Thread 0x000001f16951e100 Exception <a 'java/lang/ClassNotFoundException'{0x00000000d6c48a38}: com/sun/org/apache/xerces/internal/impl/msg/spi/XMLMessagesProvider> (0x00000000d6c48a38) 
thrown [s\src\hotspot\share\classfile\systemDictionary.cpp, line 312]

ZGC Phase Switch (0 events):
No events

VM Operations (20 events):
Event: 2.586 Executing VM operation: HandshakeAllThreads (Deoptimize)
Event: 2.586 Executing VM operation: HandshakeAllThreads (Deoptimize) done
Event: 2.739 Executing VM operation: ParallelGCFailedAllocation (Allocation Failure)
Event: 2.747 Executing VM operation: ParallelGCFailedAllocation (Allocation Failure) done
Event: 2.807 Executing VM operation: HandshakeAllThreads (Deoptimize)
Event: 2.807 Executing VM operation: HandshakeAllThreads (Deoptimize) done
Event: 2.812 Executing VM operation: HandshakeAllThreads (Deoptimize)
Event: 2.812 Executing VM operation: HandshakeAllThreads (Deoptimize) done
Event: 2.829 Executing VM operation: HandshakeAllThreads (Deoptimize)
Event: 2.829 Executing VM operation: HandshakeAllThreads (Deoptimize) done
Event: 3.096 Executing VM operation: HandshakeAllThreads (Deoptimize)
Event: 3.096 Executing VM operation: HandshakeAllThreads (Deoptimize) done
Event: 3.129 Executing VM operation: HandshakeAllThreads (Deoptimize)
Event: 3.129 Executing VM operation: HandshakeAllThreads (Deoptimize) done
Event: 3.302 Executing VM operation: ParallelGCFailedAllocation (Allocation Failure)
Event: 3.308 Executing VM operation: ParallelGCFailedAllocation (Allocation Failure) done
Event: 3.629 Executing VM operation: ParallelGCFailedAllocation (Allocation Failure)
Event: 3.638 Executing VM operation: ParallelGCFailedAllocation (Allocation Failure) done
Event: 3.696 Executing VM operation: CollectForMetadataAllocation (Metadata GC Threshold)
Event: 3.742 Executing VM operation: CollectForMetadataAllocation (Metadata GC Threshold) done

Memory protections (0 events):
No events

Nmethod flushes (0 events):
No events

Events (20 events):
Event: 0.085 Thread 0x000001f10e917150 Thread added: 0x000001f12751a1b0
Event: 0.086 Thread 0x000001f10e917150 Thread added: 0x000001f12751c250
Event: 0.086 Thread 0x000001f10e917150 Thread added: 0x000001f12751d160
Event: 0.086 Thread 0x000001f10e917150 Thread added: 0x000001f127520fb0
Event: 0.087 Thread 0x000001f10e917150 Thread added: 0x000001f127521a00
Event: 0.087 Thread 0x000001f10e917150 Thread added: 0x000001f127522830
Event: 0.089 Thread 0x000001f10e917150 Thread added: 0x000001f127548f80
Event: 0.141 Thread 0x000001f10e917150 Thread added: 0x000001f169265ca0
Event: 0.393 Thread 0x000001f127522830 Thread added: 0x000001f1693d73b0
Event: 0.507 Thread 0x000001f10e917150 Thread added: 0x000001f169495d20
Event: 1.890 Thread 0x000001f10e917150 Thread added: 0x000001f169831000
Event: 2.145 Thread 0x000001f10e917150 Thread added: 0x000001f169d691d0
Event: 2.151 Thread 0x000001f10e917150 Thread added: 0x000001f16951e100
Event: 2.192 Thread 0x000001f16951e100 Thread added: 0x000001f169b52c80
Event: 2.307 Thread 0x000001f16951e100 Thread added: 0x000001f16e08d2a0
Event: 2.622 Thread 0x000001f16951e100 Thread added: 0x000001f16e114100
Event: 3.149 Thread 0x000001f16951e100 Thread added: 0x000001f16e3bca20
Event: 3.186 Thread 0x000001f16951e100 Thread added: 0x000001f16e2fd2f0
Event: 3.205 Thread 0x000001f16951e100 Thread added: 0x000001f169c83aa0
Event: 3.459 Thread 0x000001f16e2fd2f0 Thread added: 0x000001f169c826f0


Dynamic libraries:
0x00007ff767cc0000 - 0x00007ff767cce000 	c:\Users\dell\.vscode\extensions\redhat.java-1.45.0-win32-x64\jre\21.0.8-win32-x86_64\bin\java.exe
0x00007ff87bc50000 - 0x00007ff87be48000 	C:\Windows\SYSTEM32\ntdll.dll
0x00007ff87a850000 - 0x00007ff87a912000 	C:\Windows\System32\KERNEL32.DLL
0x00007ff879480000 - 0x00007ff879777000 	C:\Windows\System32\KERNELBASE.dll
0x00007ff879a30000 - 0x00007ff879b30000 	C:\Windows\System32\ucrtbase.dll
0x00007ff832780000 - 0x00007ff832798000 	c:\Users\dell\.vscode\extensions\redhat.java-1.45.0-win32-x64\jre\21.0.8-win32-x86_64\bin\jli.dll
0x00007ff87b900000 - 0x00007ff87ba9d000 	C:\Windows\System32\USER32.dll
0x00007ff879a00000 - 0x00007ff879a22000 	C:\Windows\System32\win32u.dll
0x00007ff87b510000 - 0x00007ff87b53b000 	C:\Windows\System32\GDI32.dll
0x00007ff879780000 - 0x00007ff879899000 	C:\Windows\System32\gdi32full.dll
0x00007ff8793b0000 - 0x00007ff87944d000 	C:\Windows\System32\msvcp_win.dll
0x00007ff8326e0000 - 0x00007ff8326fe000 	c:\Users\dell\.vscode\extensions\redhat.java-1.45.0-win32-x64\jre\21.0.8-win32-x86_64\bin\VCRUNTIME140.dll
0x00007ff867240000 - 0x00007ff8674da000 	C:\Windows\WinSxS\amd64_microsoft.windows.common-controls_6595b64144ccf1df_6.0.19041.5915_none_60b4b9d171f9c7c7\COMCTL32.dll
0x00007ff87b090000 - 0x00007ff87b12e000 	C:\Windows\System32\msvcrt.dll
0x00007ff87bbe0000 - 0x00007ff87bc0f000 	C:\Windows\System32\IMM32.DLL
0x00007ff848f70000 - 0x00007ff848f7c000 	c:\Users\dell\.vscode\extensions\redhat.java-1.45.0-win32-x64\jre\21.0.8-win32-x86_64\bin\vcruntime140_1.dll
0x00007ff8194e0000 - 0x00007ff81956d000 	c:\Users\dell\.vscode\extensions\redhat.java-1.45.0-win32-x64\jre\21.0.8-win32-x86_64\bin\msvcp140.dll
0x00007fffff250000 - 0x00007ffffffe7000 	c:\Users\dell\.vscode\extensions\redhat.java-1.45.0-win32-x64\jre\21.0.8-win32-x86_64\bin\server\jvm.dll
0x00007ff87a0c0000 - 0x00007ff87a171000 	C:\Windows\System32\ADVAPI32.dll
0x00007ff87a7a0000 - 0x00007ff87a83f000 	C:\Windows\System32\sechost.dll
0x00007ff87b2f0000 - 0x00007ff87b416000 	C:\Windows\System32\RPCRT4.dll
0x00007ff879450000 - 0x00007ff879477000 	C:\Windows\System32\bcrypt.dll
0x00007ff87b420000 - 0x00007ff87b48b000 	C:\Windows\System32\WS2_32.dll
0x00007ff879140000 - 0x00007ff87918b000 	C:\Windows\SYSTEM32\POWRPROF.dll
0x00007ff867510000 - 0x00007ff867537000 	C:\Windows\SYSTEM32\WINMM.dll
0x00007ff8734a0000 - 0x00007ff8734aa000 	C:\Windows\SYSTEM32\VERSION.dll
0x00007ff879120000 - 0x00007ff879132000 	C:\Windows\SYSTEM32\UMPDC.dll
0x00007ff877ac0000 - 0x00007ff877ad2000 	C:\Windows\SYSTEM32\kernel.appcore.dll
0x00007ff846630000 - 0x00007ff84663a000 	c:\Users\dell\.vscode\extensions\redhat.java-1.45.0-win32-x64\jre\21.0.8-win32-x86_64\bin\jimage.dll
0x00007ff876fe0000 - 0x00007ff8771e1000 	C:\Windows\SYSTEM32\DBGHELP.DLL
0x00007ff85aac0000 - 0x00007ff85aaf4000 	C:\Windows\SYSTEM32\dbgcore.DLL
0x00007ff879b30000 - 0x00007ff879bb2000 	C:\Windows\System32\bcryptPrimitives.dll
0x00007ff844360000 - 0x00007ff84436f000 	c:\Users\dell\.vscode\extensions\redhat.java-1.45.0-win32-x64\jre\21.0.8-win32-x86_64\bin\instrument.dll
0x00007ff8326c0000 - 0x00007ff8326df000 	c:\Users\dell\.vscode\extensions\redhat.java-1.45.0-win32-x64\jre\21.0.8-win32-x86_64\bin\java.dll
0x00007ff87a920000 - 0x00007ff87b08e000 	C:\Windows\System32\SHELL32.dll
0x00007ff8771f0000 - 0x00007ff877994000 	C:\Windows\SYSTEM32\windows.storage.dll
0x00007ff87b5a0000 - 0x00007ff87b8f3000 	C:\Windows\System32\combase.dll
0x00007ff878b60000 - 0x00007ff878b8b000 	C:\Windows\SYSTEM32\Wldp.dll
0x00007ff879fe0000 - 0x00007ff87a0ad000 	C:\Windows\System32\OLEAUT32.dll
0x00007ff87b130000 - 0x00007ff87b1dd000 	C:\Windows\System32\SHCORE.dll
0x00007ff87baa0000 - 0x00007ff87bafb000 	C:\Windows\System32\shlwapi.dll
0x00007ff879210000 - 0x00007ff879234000 	C:\Windows\SYSTEM32\profapi.dll
0x00007ff832b00000 - 0x00007ff832b18000 	c:\Users\dell\.vscode\extensions\redhat.java-1.45.0-win32-x64\jre\21.0.8-win32-x86_64\bin\zip.dll
0x00007ff843f70000 - 0x00007ff843f80000 	C:\Users\dell\.vscode\extensions\redhat.java-1.45.0-win32-x64\jre\21.0.8-win32-x86_64\bin\net.dll
0x00007ff871d60000 - 0x00007ff871e6a000 	C:\Windows\SYSTEM32\WINHTTP.dll
0x00007ff878940000 - 0x00007ff8789aa000 	C:\Windows\system32\mswsock.dll
0x00007ff8327e0000 - 0x00007ff8327f6000 	C:\Users\dell\.vscode\extensions\redhat.java-1.45.0-win32-x64\jre\21.0.8-win32-x86_64\bin\nio.dll
0x00007ff841390000 - 0x00007ff8413a0000 	c:\Users\dell\.vscode\extensions\redhat.java-1.45.0-win32-x64\jre\21.0.8-win32-x86_64\bin\verify.dll
0x00007ff848cf0000 - 0x00007ff848d34000 	C:\Users\dell\AppData\Roaming\Code\User\globalStorage\redhat.java\1.45.0\config_ss_win\org.eclipse.equinox.launcher\org.eclipse.equinox.launcher.win32.win32.x86_64_1.2.1400.v20250801-0854\eclipse_11916.dll
0x00007ff879d60000 - 0x00007ff879e8b000 	C:\Windows\System32\ole32.dll
0x00007ff878ba0000 - 0x00007ff878bb8000 	C:\Windows\SYSTEM32\CRYPTSP.dll
0x00007ff878280000 - 0x00007ff8782b8000 	C:\Windows\system32\rsaenh.dll
0x00007ff879190000 - 0x00007ff8791be000 	C:\Windows\SYSTEM32\USERENV.dll
0x00007ff878ad0000 - 0x00007ff878adc000 	C:\Windows\SYSTEM32\CRYPTBASE.dll
0x00007ff878640000 - 0x00007ff87867b000 	C:\Windows\SYSTEM32\IPHLPAPI.DLL
0x00007ff879fd0000 - 0x00007ff879fd8000 	C:\Windows\System32\NSI.dll
0x00007ff8465b0000 - 0x00007ff8465f9000 	C:\Users\dell\AppData\Local\Temp\jna-3079617\jna5519339283868534105.dll
0x00007ff87a840000 - 0x00007ff87a848000 	C:\Windows\System32\PSAPI.DLL

JVMTI agents:
c:\Users\dell\.vscode\extensions\redhat.java-1.45.0-win32-x64\lombok\lombok-1.18.39-4050.jar path:c:\Users\dell\.vscode\extensions\redhat.java-1.45.0-win32-x64\jre\21.0.8-win32-x86_64\bin\instrument.dll, loaded, initialized, instrumentlib options:none

dbghelp: loaded successfully - version: 4.0.5 - missing functions: none
symbol engine: initialized successfully - sym options: 0x614 - pdb path: .;c:\Users\dell\.vscode\extensions\redhat.java-1.45.0-win32-x64\jre\21.0.8-win32-x86_64\bin;C:\Windows\SYSTEM32;C:\Windows\WinSxS\amd64_microsoft.windows.common-controls_6595b64144ccf1df_6.0.19041.5915_none_60b4b9d171f9c7c7;c:\Users\dell\.vscode\extensions\redhat.java-1.45.0-win32-x64\jre\21.0.8-win32-x86_64\bin\server;C:\Users\dell\AppData\Roaming\Code\User\globalStorage\redhat.java\1.45.0\config_ss_win\org.eclipse.equinox.launcher\org.eclipse.equinox.launcher.win32.win32.x86_64_1.2.1400.v20250801-0854;C:\Users\dell\AppData\Local\Temp\jna-3079617

VM Arguments:
jvm_args: --add-modules=ALL-SYSTEM --add-opens=java.base/java.util=ALL-UNNAMED --add-opens=java.base/java.lang=ALL-UNNAMED --add-opens=java.base/sun.nio.fs=ALL-UNNAMED -Declipse.application=org.eclipse.jdt.ls.core.id1 -Dosgi.bundles.defaultStartLevel=4 -Declipse.product=org.eclipse.jdt.ls.core.product -Djava.import.generatesMetadataFilesAtProjectRoot=false -DDetectVMInstallationsJob.disabled=true -Dfile.encoding=utf8 -XX:+UseParallelGC -XX:GCTimeRatio=4 -XX:AdaptiveSizePolicyWeight=90 -Dsun.zip.disableMemoryMapping=true -Xmx2G -Xms100m -Xlog:disable -javaagent:c:\Users\dell\.vscode\extensions\redhat.java-1.45.0-win32-x64\lombok\lombok-1.18.39-4050.jar 
java_command: c:\Users\dell\.vscode\extensions\redhat.java-1.45.0-win32-x64\server\plugins\org.eclipse.equinox.launcher_1.7.0.v20250519-0528.jar -configuration c:\Users\dell\AppData\Roaming\Code\User\globalStorage\redhat.java\1.45.0\config_ss_win -data c:\Users\dell\AppData\Roaming\Code\User\workspaceStorage\5e95045cd993ac5bf9ff0eb863561a1c\redhat.java\ss_ws --pipe=\\.\pipe\lsp-fa7f55695918878a1a0f38c09e859bb4-sock
java_class_path (initial): c:\Users\dell\.vscode\extensions\redhat.java-1.45.0-win32-x64\server\plugins\org.eclipse.equinox.launcher_1.7.0.v20250519-0528.jar
Launcher Type: SUN_STANDARD

[Global flags]
    uintx AdaptiveSizePolicyWeight                 = 90                                        {product} {command line}
     intx CICompilerCount                          = 3                                         {product} {ergonomic}
    uintx GCTimeRatio                              = 4                                         {product} {command line}
   size_t InitialHeapSize                          = 104857600                                 {product} {command line}
   size_t MaxHeapSize                              = 2147483648                                {product} {command line}
   size_t MaxNewSize                               = 715653120                                 {product} {ergonomic}
   size_t MinHeapDeltaBytes                        = 524288                                    {product} {ergonomic}
   size_t MinHeapSize                              = 104857600                                 {product} {command line}
   size_t NewSize                                  = 34603008                                  {product} {ergonomic}
    uintx NonNMethodCodeHeapSize                   = 5832780                                {pd product} {ergonomic}
    uintx NonProfiledCodeHeapSize                  = 122912730                              {pd product} {ergonomic}
   size_t OldSize                                  = 70254592                                  {product} {ergonomic}
    uintx ProfiledCodeHeapSize                     = 122912730                              {pd product} {ergonomic}
    uintx ReservedCodeCacheSize                    = 251658240                              {pd product} {ergonomic}
     bool SegmentedCodeCache                       = true                                      {product} {ergonomic}
   size_t SoftMaxHeapSize                          = 2147483648                             {manageable} {ergonomic}
     bool UseCompressedOops                        = true                           {product lp64_product} {ergonomic}
     bool UseLargePagesIndividualAllocation        = false                                  {pd product} {ergonomic}
     bool UseParallelGC                            = true                                      {product} {command line}

Logging:
Log output configuration:
 #0: stdout all=off uptime,level,tags foldmultilines=false
 #1: stderr all=off uptime,level,tags foldmultilines=false

Environment Variables:
JAVA_HOME=S:\Java\jdk-17
PATH=C:\Program Files (x86)\VMware\VMware Workstation\bin\;C:\Program Files\Common Files\Oracle\Java\javapath;C:\Windows\system32;C:\Windows;C:\Windows\System32\Wbem;C:\Windows\System32\WindowsPowerShell\v1.0\;C:\Windows\System32\OpenSSH\;C:\Program Files\Java\jdk-20\bin;C:\Program Files (x86)\Microsoft SQL Server\100\Tools\Binn\;C:\Program Files\Microsoft SQL Server\100\Tools\Binn\;C:\Program Files\Microsoft SQL Server\100\DTS\Binn\;D:\runtime\win64;D:\bin;C:\ProgramData\ComposerSetup\bin;C:\laragon\bin\php\php-8.3.16-Win32-vs16-x64;C:\Program Files\nodejs\;C:\ProgramData\chocolatey\bin;C:\Program Files\Java\jdk-19\bin;C:\Program Files\Docker\Docker\resources\bin;C:\Program Files\Git\cmd;C:\Program Files (x86)\webdriver;S:\Java\jdk-17\bin;S:\cyber\New folder\Scripts\;S:\cyber\New folder\;C:\Users\dell\AppData\Local\Programs\Python\Launcher\;C:\Users\dell\.config\herd-lite\bin;C:\Users\dell\AppData\Local\Microsoft\WindowsApps;;C:\Users\dell\AppData\Local\Programs\Microsoft VS Code\bin;C:\Users\dell\AppData\Roaming\Composer\vendor\bin;C:\Users\dell\AppData\Roaming\npm
USERNAME=dell
OS=Windows_NT
PROCESSOR_IDENTIFIER=Intel64 Family 6 Model 142 Stepping 9, GenuineIntel
TMP=C:\Users\dell\AppData\Local\Temp
TEMP=C:\Users\dell\AppData\Local\Temp




Periodic native trim disabled

---------------  S Y S T E M  ---------------

OS:
 Windows 10 , 64 bit Build 19041 (10.0.19041.5915)
OS uptime: 0 days 1:51 hours
Hyper-V role detected

CPU: total 4 (initial active 4) (2 cores per cpu, 2 threads per core) family 6 model 142 stepping 9 microcode 0xf6, cx8, cmov, fxsr, ht, mmx, 3dnowpref, sse, sse2, sse3, ssse3, sse4.1, sse4.2, popcnt, lzcnt, tsc, tscinvbit, avx, avx2, aes, erms, clmul, bmi1, bmi2, rtm, adx, fma, vzeroupper, clflush, clflushopt, hv, rdtscp, f16c
Processor Information for processor 0
  Max Mhz: 2712, Current Mhz: 2611, Mhz Limit: 2603
Processor Information for processor 1
  Max Mhz: 2712, Current Mhz: 2611, Mhz Limit: 2603
Processor Information for processor 2
  Max Mhz: 2712, Current Mhz: 2611, Mhz Limit: 2603
Processor Information for processor 3
  Max Mhz: 2712, Current Mhz: 1406, Mhz Limit: 2603

Memory: 4k page, system-wide physical 8068M (697M free)
TotalPageFile size 12169M (AvailPageFile size 7M)
current process WorkingSet (physical memory assigned to process): 151M, peak: 154M
current process commit charge ("private bytes"): 275M, peak: 278M

vm_info: OpenJDK 64-Bit Server VM (21.0.8+9-LTS) for windows-amd64 JRE (21.0.8+9-LTS), built on 2025-07-15T00:00:00Z by "admin" with MS VC++ 17.7 (VS2022)

END.
